!SESSION 2020-10-28 23:14:34.958 -----------------------------------------------
eclipse.buildId=4.17.0.I20200902-1800
java.version=14.0.2
java.vendor=Oracle Corporation
BootLoader constants: OS=macosx, ARCH=x86_64, WS=cocoa, NL=it_IT
Framework arguments:  -product org.eclipse.epp.package.java.product -product org.eclipse.epp.package.java.product -product org.eclipse.epp.package.java.product -keyring /Users/flex/.eclipse_keyring
Command-line arguments:  -os macosx -ws cocoa -arch x86_64 -product org.eclipse.epp.package.java.product -product org.eclipse.epp.package.java.product -data /Users/flex/Documents/Uni/IdS/ignsw2020 -product org.eclipse.epp.package.java.product -keyring /Users/flex/.eclipse_keyring

!ENTRY org.eclipse.jface 2 0 2020-10-28 23:14:44.112
!MESSAGE Keybinding conflicts occurred.  They may interfere with normal accelerator operation.
!SUBENTRY 1 org.eclipse.jface 2 0 2020-10-28 23:14:44.112
!MESSAGE A conflict occurred for COMMAND+SHIFT+T:
Binding(COMMAND+SHIFT+T,
	ParameterizedCommand(Command(org.eclipse.jdt.ui.navigate.open.type,Open Type,
		Open a type in a Java editor,
		Category(org.eclipse.ui.category.navigate,Navigate,null,true),
		org.eclipse.ui.internal.WorkbenchHandlerServiceHandler@26cdd4af,
		,,true),null),
	org.eclipse.ui.defaultAcceleratorConfiguration,
	org.eclipse.ui.contexts.window,,,system)
Binding(COMMAND+SHIFT+T,
	ParameterizedCommand(Command(org.eclipse.lsp4e.symbolinworkspace,Go to Symbol in Workspace,
		,
		Category(org.eclipse.lsp4e.category,Language Servers,null,true),
		org.eclipse.ui.internal.WorkbenchHandlerServiceHandler@707f4647,
		,,true),null),
	org.eclipse.ui.defaultAcceleratorConfiguration,
	org.eclipse.ui.contexts.window,,,system)
!SUBENTRY 1 org.eclipse.jface 2 0 2020-10-28 23:14:44.112
!MESSAGE A conflict occurred for ALT+COMMAND+R:
Binding(ALT+COMMAND+R,
	ParameterizedCommand(Command(org.python.pydev.debug.setnext,Set Next Statement,
		,
		Category(org.python.pydev.ui.category.run,PyDev - Run,Python run category,true),
		org.eclipse.ui.internal.WorkbenchHandlerServiceHandler@4b8a0d03,
		,,true),null),
	org.eclipse.ui.defaultAcceleratorConfiguration,
	org.eclipse.ui.contexts.window,,,system)
Binding(ALT+COMMAND+R,
	ParameterizedCommand(Command(org.eclipse.jdt.ui.edit.text.java.rename.element,Rename - Refactoring ,
		Rename the selected element,
		Category(org.eclipse.jdt.ui.category.refactoring,Refactor - Java,Java Refactoring Actions,true),
		org.eclipse.ui.internal.WorkbenchHandlerServiceHandler@54f373d4,
		,,true),null),
	org.eclipse.ui.defaultAcceleratorConfiguration,
	org.eclipse.ui.contexts.window,,cocoa,system)

!ENTRY org.python.pydev.shared_core 4 4 2020-10-28 23:17:10.130
!MESSAGE No output was in the standard output when
trying to create the interpreter info for: /usr/bin/python3
The error output contains:>>xcrun: error: invalid active developer path (/Library/Developer/CommandLineTools), missing xcrun at: /Library/Developer/CommandLineTools/usr/bin/xcrun
<<
!STACK 0
java.lang.RuntimeException: No output was in the standard output when
trying to create the interpreter info for: /usr/bin/python3
The error output contains:>>xcrun: error: invalid active developer path (/Library/Developer/CommandLineTools), missing xcrun at: /Library/Developer/CommandLineTools/usr/bin/xcrun
<<
	at org.python.pydev.ast.interpreter_managers.AbstractInterpreterManager.createInfoFromOutput(AbstractInterpreterManager.java:365)
	at org.python.pydev.ast.interpreter_managers.PythonInterpreterManager.doCreateInterpreterInfo(PythonInterpreterManager.java:70)
	at org.python.pydev.ast.interpreter_managers.PythonInterpreterManager.internalCreateInterpreterInfo(PythonInterpreterManager.java:43)
	at org.python.pydev.ast.interpreter_managers.AbstractInterpreterManager.createInterpreterInfo(AbstractInterpreterManager.java:325)
	at org.python.pydev.ui.pythonpathconf.ObtainInterpreterInfoOperation.run(ObtainInterpreterInfoOperation.java:83)
	at org.eclipse.jface.operation.ModalContext$ModalContextThread.run(ModalContext.java:122)

!ENTRY org.python.pydev.shared_core 1 1 2020-10-28 23:17:15.736
!MESSAGE - Ok, file is non-null. Getting info on:/usr/bin/python
- Beggining task:Getting libs totalWork:100
- Setting task name:Mounting executable string...
- Setting task name:Executing:  /usr/bin/python -u /Users/flex/.p2/pool/plugins/org.python.pydev.core_8.0.0.202009061309/pysrc/interpreterInfo.py
- Setting task name:Making pythonpath environment... /usr/bin/python -u /Users/flex/.p2/pool/plugins/org.python.pydev.core_8.0.0.202009061309/pysrc/interpreterInfo.py
- Setting task name:Making exec... /usr/bin/python -u /Users/flex/.p2/pool/plugins/org.python.pydev.core_8.0.0.202009061309/pysrc/interpreterInfo.py
- Setting task name:Reading output...
- Setting task name:Waiting for process to finish.
- Setting task name:Process finished.
- Success getting the info. Result:<xml>
<name>python</name>
<version>2.7</version>
<executable>/usr/bin/python</executable>
<lib>/Library/Python/2.7/site-packages/requests-2.18.4-py2.7.egg</lib>
<lib>/Library/Python/2.7/site-packages/certifi-2018.1.18-py2.7.egg</lib>
<lib>/Library/Python/2.7/site-packages/urllib3-1.22-py2.7.egg</lib>
<lib>/Library/Python/2.7/site-packages/idna-2.6-py2.7.egg</lib>
<lib>/Library/Python/2.7/site-packages/chardet-3.0.4-py2.7.egg</lib>
<lib>/Library/Python/2.7/site-packages/pip-10.0.1-py2.7.egg</lib>
<lib>/Library/Python/2.7/site-packages/nose-1.3.7-py2.7.egg</lib>
<lib>/System/Library/Frameworks/Python.framework/Versions/2.7/lib/python2.7</lib>
<lib>/System/Library/Frameworks/Python.framework/Versions/2.7/lib/python2.7/plat-darwin</lib>
<lib>/System/Library/Frameworks/Python.framework/Versions/2.7/lib/python2.7/plat-mac</lib>
<lib>/System/Library/Frameworks/Python.framework/Versions/2.7/lib/python2.7/plat-mac/lib-scriptpackages</lib>
<lib>/System/Library/Frameworks/Python.framework/Versions/2.7/lib/python2.7/lib-tk</lib>
<lib>/System/Library/Frameworks/Python.framework/Versions/2.7/lib/python2.7/lib-dynload</lib>
<lib>/Library/Python/2.7/site-packages</lib>
<lib>/System/Library/Frameworks/Python.framework/Versions/2.7/Extras/lib/python</lib>
<lib>/System/Library/Frameworks/Python.framework/Versions/2.7/Extras/lib/python/PyObjC</lib>
<forced_lib>Image</forced_lib>
<forced_lib>OpenGL</forced_lib>
<forced_lib>__builtin__</forced_lib>
<forced_lib>__main__</forced_lib>
<forced_lib>_ast</forced_lib>
<forced_lib>_bisect</forced_lib>
<forced_lib>_bytesio</forced_lib>
<forced_lib>_codecs</forced_lib>
<forced_lib>_codecs_cn</forced_lib>
<forced_lib>_codecs_hk</forced_lib>
<forced_lib>_codecs_iso2022</forced_lib>
<forced_lib>_codecs_jp</forced_lib>
<forced_lib>_codecs_kr</forced_lib>
<forced_lib>_codecs_tw</forced_lib>
<forced_lib>_collections</forced_lib>
<forced_lib>_csv</forced_lib>
<forced_lib>_fileio</forced_lib>
<forced_lib>_functools</forced_lib>
<forced_lib>_heapq</forced_lib>
<forced_lib>_hotshot</forced_lib>
<forced_lib>_json</forced_lib>
<forced_lib>_locale</forced_lib>
<forced_lib>_lsprof</forced_lib>
<forced_lib>_md5</forced_lib>
<forced_lib>_multibytecodec</forced_lib>
<forced_lib>_random</forced_lib>
<forced_lib>_sha</forced_lib>
<forced_lib>_sha256</forced_lib>
<forced_lib>_sha512</forced_lib>
<forced_lib>_sre</forced_lib>
<forced_lib>_struct</forced_lib>
<forced_lib>_subprocess</forced_lib>
<forced_lib>_symtable</forced_lib>
<forced_lib>_warnings</forced_lib>
<forced_lib>_weakref</forced_lib>
<forced_lib>_winreg</forced_lib>
<forced_lib>array</forced_lib>
<forced_lib>audioop</forced_lib>
<forced_lib>binascii</forced_lib>
<forced_lib>cPickle</forced_lib>
<forced_lib>cStringIO</forced_lib>
<forced_lib>cmath</forced_lib>
<forced_lib>cv2</forced_lib>
<forced_lib>datetime</forced_lib>
<forced_lib>email</forced_lib>
<forced_lib>errno</forced_lib>
<forced_lib>exceptions</forced_lib>
<forced_lib>future_builtins</forced_lib>
<forced_lib>gc</forced_lib>
<forced_lib>gi</forced_lib>
<forced_lib>hashlib</forced_lib>
<forced_lib>imageop</forced_lib>
<forced_lib>imp</forced_lib>
<forced_lib>itertools</forced_lib>
<forced_lib>marshal</forced_lib>
<forced_lib>math</forced_lib>
<forced_lib>mmap</forced_lib>
<forced_lib>mock</forced_lib>
<forced_lib>msvcrt</forced_lib>
<forced_lib>multiprocessing</forced_lib>
<forced_lib>mutagen</forced_lib>
<forced_lib>nose</forced_lib>
<forced_lib>nose.tools</forced_lib>
<forced_lib>nt</forced_lib>
<forced_lib>numpy</forced_lib>
<forced_lib>operator</forced_lib>
<forced_lib>os</forced_lib>
<forced_lib>os.path</forced_lib>
<forced_lib>parser</forced_lib>
<forced_lib>posix</forced_lib>
<forced_lib>pwd</forced_lib>
<forced_lib>py</forced_lib>
<forced_lib>pytest</forced_lib>
<forced_lib>re</forced_lib>
<forced_lib>scipy</forced_lib>
<forced_lib>signal</forced_lib>
<forced_lib>six</forced_lib>
<forced_lib>socket</forced_lib>
<forced_lib>ssl</forced_lib>
<forced_lib>strop</forced_lib>
<forced_lib>sys</forced_lib>
<forced_lib>thread</forced_lib>
<forced_lib>time</forced_lib>
<forced_lib>wx</forced_lib>
<forced_lib>wxPython</forced_lib>
<forced_lib>xxsubtype</forced_lib>
<forced_lib>zipimport</forced_lib>
<forced_lib>zlib</forced_lib>
<string_substitution_var><key>PY</key><value>27</value></string_substitution_var>
</xml>
- Ok, file is non-null. Getting info on:/usr/bin/python3
- Beggining task:Getting libs totalWork:100
- Setting task name:Mounting executable string...
- Setting task name:Executing:  /usr/bin/python3 -u /Users/flex/.p2/pool/plugins/org.python.pydev.core_8.0.0.202009061309/pysrc/interpreterInfo.py
- Setting task name:Making pythonpath environment... /usr/bin/python3 -u /Users/flex/.p2/pool/plugins/org.python.pydev.core_8.0.0.202009061309/pysrc/interpreterInfo.py
- Setting task name:Making exec... /usr/bin/python3 -u /Users/flex/.p2/pool/plugins/org.python.pydev.core_8.0.0.202009061309/pysrc/interpreterInfo.py
- Setting task name:Reading output...
- Setting task name:Waiting for process to finish.
- Setting task name:Process finished.
Exception detected: No output was in the standard output when
trying to create the interpreter info for: /usr/bin/python3
The error output contains:>>xcrun: error: invalid active developer path (/Library/Developer/CommandLineTools), missing xcrun at: /Library/Developer/CommandLineTools/usr/bin/xcrun
<<
- Some error happened while getting info on the interpreter:
java.lang.RuntimeException: No output was in the standard output when
trying to create the interpreter info for: /usr/bin/python3
The error output contains:>>xcrun: error: invalid active developer path (/Library/Developer/CommandLineTools), missing xcrun at: /Library/Developer/CommandLineTools/usr/bin/xcrun
<<
	at org.python.pydev.ast.interpreter_managers.AbstractInterpreterManager.createInfoFromOutput(AbstractInterpreterManager.java:365)
	at org.python.pydev.ast.interpreter_managers.PythonInterpreterManager.doCreateInterpreterInfo(PythonInterpreterManager.java:70)
	at org.python.pydev.ast.interpreter_managers.PythonInterpreterManager.internalCreateInterpreterInfo(PythonInterpreterManager.java:43)
	at org.python.pydev.ast.interpreter_managers.AbstractInterpreterManager.createInterpreterInfo(AbstractInterpreterManager.java:325)
	at org.python.pydev.ui.pythonpathconf.ObtainInterpreterInfoOperation.run(ObtainInterpreterInfoOperation.java:83)
	at org.eclipse.jface.operation.ModalContext$ModalContextThread.run(ModalContext.java:122)
- Ok, file is non-null. Getting info on:/usr/bin/python2
- Beggining task:Getting libs totalWork:100
- Setting task name:Mounting executable string...
- Setting task name:Executing:  /usr/bin/python2 -u /Users/flex/.p2/pool/plugins/org.python.pydev.core_8.0.0.202009061309/pysrc/interpreterInfo.py
- Setting task name:Making pythonpath environment... /usr/bin/python2 -u /Users/flex/.p2/pool/plugins/org.python.pydev.core_8.0.0.202009061309/pysrc/interpreterInfo.py
- Setting task name:Making exec... /usr/bin/python2 -u /Users/flex/.p2/pool/plugins/org.python.pydev.core_8.0.0.202009061309/pysrc/interpreterInfo.py
- Setting task name:Reading output...
- Setting task name:Waiting for process to finish.
- Setting task name:Process finished.
- Success getting the info. Result:<xml>
<name>python</name>
<version>2.7</version>
<executable>/usr/bin/python2</executable>
<lib>/Library/Python/2.7/site-packages/requests-2.18.4-py2.7.egg</lib>
<lib>/Library/Python/2.7/site-packages/certifi-2018.1.18-py2.7.egg</lib>
<lib>/Library/Python/2.7/site-packages/urllib3-1.22-py2.7.egg</lib>
<lib>/Library/Python/2.7/site-packages/idna-2.6-py2.7.egg</lib>
<lib>/Library/Python/2.7/site-packages/chardet-3.0.4-py2.7.egg</lib>
<lib>/Library/Python/2.7/site-packages/pip-10.0.1-py2.7.egg</lib>
<lib>/Library/Python/2.7/site-packages/nose-1.3.7-py2.7.egg</lib>
<lib>/System/Library/Frameworks/Python.framework/Versions/2.7/lib/python2.7</lib>
<lib>/System/Library/Frameworks/Python.framework/Versions/2.7/lib/python2.7/plat-darwin</lib>
<lib>/System/Library/Frameworks/Python.framework/Versions/2.7/lib/python2.7/plat-mac</lib>
<lib>/System/Library/Frameworks/Python.framework/Versions/2.7/lib/python2.7/plat-mac/lib-scriptpackages</lib>
<lib>/System/Library/Frameworks/Python.framework/Versions/2.7/lib/python2.7/lib-tk</lib>
<lib>/System/Library/Frameworks/Python.framework/Versions/2.7/lib/python2.7/lib-dynload</lib>
<lib>/Library/Python/2.7/site-packages</lib>
<lib>/System/Library/Frameworks/Python.framework/Versions/2.7/Extras/lib/python</lib>
<lib>/System/Library/Frameworks/Python.framework/Versions/2.7/Extras/lib/python/PyObjC</lib>
<forced_lib>Image</forced_lib>
<forced_lib>OpenGL</forced_lib>
<forced_lib>__builtin__</forced_lib>
<forced_lib>__main__</forced_lib>
<forced_lib>_ast</forced_lib>
<forced_lib>_bisect</forced_lib>
<forced_lib>_bytesio</forced_lib>
<forced_lib>_codecs</forced_lib>
<forced_lib>_codecs_cn</forced_lib>
<forced_lib>_codecs_hk</forced_lib>
<forced_lib>_codecs_iso2022</forced_lib>
<forced_lib>_codecs_jp</forced_lib>
<forced_lib>_codecs_kr</forced_lib>
<forced_lib>_codecs_tw</forced_lib>
<forced_lib>_collections</forced_lib>
<forced_lib>_csv</forced_lib>
<forced_lib>_fileio</forced_lib>
<forced_lib>_functools</forced_lib>
<forced_lib>_heapq</forced_lib>
<forced_lib>_hotshot</forced_lib>
<forced_lib>_json</forced_lib>
<forced_lib>_locale</forced_lib>
<forced_lib>_lsprof</forced_lib>
<forced_lib>_md5</forced_lib>
<forced_lib>_multibytecodec</forced_lib>
<forced_lib>_random</forced_lib>
<forced_lib>_sha</forced_lib>
<forced_lib>_sha256</forced_lib>
<forced_lib>_sha512</forced_lib>
<forced_lib>_sre</forced_lib>
<forced_lib>_struct</forced_lib>
<forced_lib>_subprocess</forced_lib>
<forced_lib>_symtable</forced_lib>
<forced_lib>_warnings</forced_lib>
<forced_lib>_weakref</forced_lib>
<forced_lib>_winreg</forced_lib>
<forced_lib>array</forced_lib>
<forced_lib>audioop</forced_lib>
<forced_lib>binascii</forced_lib>
<forced_lib>cPickle</forced_lib>
<forced_lib>cStringIO</forced_lib>
<forced_lib>cmath</forced_lib>
<forced_lib>cv2</forced_lib>
<forced_lib>datetime</forced_lib>
<forced_lib>email</forced_lib>
<forced_lib>errno</forced_lib>
<forced_lib>exceptions</forced_lib>
<forced_lib>future_builtins</forced_lib>
<forced_lib>gc</forced_lib>
<forced_lib>gi</forced_lib>
<forced_lib>hashlib</forced_lib>
<forced_lib>imageop</forced_lib>
<forced_lib>imp</forced_lib>
<forced_lib>itertools</forced_lib>
<forced_lib>marshal</forced_lib>
<forced_lib>math</forced_lib>
<forced_lib>mmap</forced_lib>
<forced_lib>mock</forced_lib>
<forced_lib>msvcrt</forced_lib>
<forced_lib>multiprocessing</forced_lib>
<forced_lib>mutagen</forced_lib>
<forced_lib>nose</forced_lib>
<forced_lib>nose.tools</forced_lib>
<forced_lib>nt</forced_lib>
<forced_lib>numpy</forced_lib>
<forced_lib>operator</forced_lib>
<forced_lib>os</forced_lib>
<forced_lib>os.path</forced_lib>
<forced_lib>parser</forced_lib>
<forced_lib>posix</forced_lib>
<forced_lib>pwd</forced_lib>
<forced_lib>py</forced_lib>
<forced_lib>pytest</forced_lib>
<forced_lib>re</forced_lib>
<forced_lib>scipy</forced_lib>
<forced_lib>signal</forced_lib>
<forced_lib>six</forced_lib>
<forced_lib>socket</forced_lib>
<forced_lib>ssl</forced_lib>
<forced_lib>strop</forced_lib>
<forced_lib>sys</forced_lib>
<forced_lib>thread</forced_lib>
<forced_lib>time</forced_lib>
<forced_lib>wx</forced_lib>
<forced_lib>wxPython</forced_lib>
<forced_lib>xxsubtype</forced_lib>
<forced_lib>zipimport</forced_lib>
<forced_lib>zlib</forced_lib>
<string_substitution_var><key>PY</key><value>27</value></string_substitution_var>
</xml>
- Ok, file is non-null. Getting info on:/usr/bin/python2.7
- Beggining task:Getting libs totalWork:100
- Setting task name:Mounting executable string...
- Setting task name:Executing:  /usr/bin/python2.7 -u /Users/flex/.p2/pool/plugins/org.python.pydev.core_8.0.0.202009061309/pysrc/interpreterInfo.py
- Setting task name:Making pythonpath environment... /usr/bin/python2.7 -u /Users/flex/.p2/pool/plugins/org.python.pydev.core_8.0.0.202009061309/pysrc/interpreterInfo.py
- Setting task name:Making exec... /usr/bin/python2.7 -u /Users/flex/.p2/pool/plugins/org.python.pydev.core_8.0.0.202009061309/pysrc/interpreterInfo.py
- Setting task name:Reading output...
- Setting task name:Waiting for process to finish.
- Setting task name:Process finished.
- Success getting the info. Result:<xml>
<name>python</name>
<version>2.7</version>
<executable>/usr/bin/python2.7</executable>
<lib>/Library/Python/2.7/site-packages/requests-2.18.4-py2.7.egg</lib>
<lib>/Library/Python/2.7/site-packages/certifi-2018.1.18-py2.7.egg</lib>
<lib>/Library/Python/2.7/site-packages/urllib3-1.22-py2.7.egg</lib>
<lib>/Library/Python/2.7/site-packages/idna-2.6-py2.7.egg</lib>
<lib>/Library/Python/2.7/site-packages/chardet-3.0.4-py2.7.egg</lib>
<lib>/Library/Python/2.7/site-packages/pip-10.0.1-py2.7.egg</lib>
<lib>/Library/Python/2.7/site-packages/nose-1.3.7-py2.7.egg</lib>
<lib>/System/Library/Frameworks/Python.framework/Versions/2.7/lib/python2.7</lib>
<lib>/System/Library/Frameworks/Python.framework/Versions/2.7/lib/python2.7/plat-darwin</lib>
<lib>/System/Library/Frameworks/Python.framework/Versions/2.7/lib/python2.7/plat-mac</lib>
<lib>/System/Library/Frameworks/Python.framework/Versions/2.7/lib/python2.7/plat-mac/lib-scriptpackages</lib>
<lib>/System/Library/Frameworks/Python.framework/Versions/2.7/lib/python2.7/lib-tk</lib>
<lib>/System/Library/Frameworks/Python.framework/Versions/2.7/lib/python2.7/lib-dynload</lib>
<lib>/Library/Python/2.7/site-packages</lib>
<lib>/System/Library/Frameworks/Python.framework/Versions/2.7/Extras/lib/python</lib>
<lib>/System/Library/Frameworks/Python.framework/Versions/2.7/Extras/lib/python/PyObjC</lib>
<forced_lib>Image</forced_lib>
<forced_lib>OpenGL</forced_lib>
<forced_lib>__builtin__</forced_lib>
<forced_lib>__main__</forced_lib>
<forced_lib>_ast</forced_lib>
<forced_lib>_bisect</forced_lib>
<forced_lib>_bytesio</forced_lib>
<forced_lib>_codecs</forced_lib>
<forced_lib>_codecs_cn</forced_lib>
<forced_lib>_codecs_hk</forced_lib>
<forced_lib>_codecs_iso2022</forced_lib>
<forced_lib>_codecs_jp</forced_lib>
<forced_lib>_codecs_kr</forced_lib>
<forced_lib>_codecs_tw</forced_lib>
<forced_lib>_collections</forced_lib>
<forced_lib>_csv</forced_lib>
<forced_lib>_fileio</forced_lib>
<forced_lib>_functools</forced_lib>
<forced_lib>_heapq</forced_lib>
<forced_lib>_hotshot</forced_lib>
<forced_lib>_json</forced_lib>
<forced_lib>_locale</forced_lib>
<forced_lib>_lsprof</forced_lib>
<forced_lib>_md5</forced_lib>
<forced_lib>_multibytecodec</forced_lib>
<forced_lib>_random</forced_lib>
<forced_lib>_sha</forced_lib>
<forced_lib>_sha256</forced_lib>
<forced_lib>_sha512</forced_lib>
<forced_lib>_sre</forced_lib>
<forced_lib>_struct</forced_lib>
<forced_lib>_subprocess</forced_lib>
<forced_lib>_symtable</forced_lib>
<forced_lib>_warnings</forced_lib>
<forced_lib>_weakref</forced_lib>
<forced_lib>_winreg</forced_lib>
<forced_lib>array</forced_lib>
<forced_lib>audioop</forced_lib>
<forced_lib>binascii</forced_lib>
<forced_lib>cPickle</forced_lib>
<forced_lib>cStringIO</forced_lib>
<forced_lib>cmath</forced_lib>
<forced_lib>cv2</forced_lib>
<forced_lib>datetime</forced_lib>
<forced_lib>email</forced_lib>
<forced_lib>errno</forced_lib>
<forced_lib>exceptions</forced_lib>
<forced_lib>future_builtins</forced_lib>
<forced_lib>gc</forced_lib>
<forced_lib>gi</forced_lib>
<forced_lib>hashlib</forced_lib>
<forced_lib>imageop</forced_lib>
<forced_lib>imp</forced_lib>
<forced_lib>itertools</forced_lib>
<forced_lib>marshal</forced_lib>
<forced_lib>math</forced_lib>
<forced_lib>mmap</forced_lib>
<forced_lib>mock</forced_lib>
<forced_lib>msvcrt</forced_lib>
<forced_lib>multiprocessing</forced_lib>
<forced_lib>mutagen</forced_lib>
<forced_lib>nose</forced_lib>
<forced_lib>nose.tools</forced_lib>
<forced_lib>nt</forced_lib>
<forced_lib>numpy</forced_lib>
<forced_lib>operator</forced_lib>
<forced_lib>os</forced_lib>
<forced_lib>os.path</forced_lib>
<forced_lib>parser</forced_lib>
<forced_lib>posix</forced_lib>
<forced_lib>pwd</forced_lib>
<forced_lib>py</forced_lib>
<forced_lib>pytest</forced_lib>
<forced_lib>re</forced_lib>
<forced_lib>scipy</forced_lib>
<forced_lib>signal</forced_lib>
<forced_lib>six</forced_lib>
<forced_lib>socket</forced_lib>
<forced_lib>ssl</forced_lib>
<forced_lib>strop</forced_lib>
<forced_lib>sys</forced_lib>
<forced_lib>thread</forced_lib>
<forced_lib>time</forced_lib>
<forced_lib>wx</forced_lib>
<forced_lib>wxPython</forced_lib>
<forced_lib>xxsubtype</forced_lib>
<forced_lib>zipimport</forced_lib>
<forced_lib>zlib</forced_lib>
<string_substitution_var><key>PY</key><value>27</value></string_substitution_var>
</xml>
- Ok, file is non-null. Getting info on:/usr/local/bin/python3
- Beggining task:Getting libs totalWork:100
- Setting task name:Mounting executable string...
- Setting task name:Executing:  /usr/local/bin/python3 -u /Users/flex/.p2/pool/plugins/org.python.pydev.core_8.0.0.202009061309/pysrc/interpreterInfo.py
- Setting task name:Making pythonpath environment... /usr/local/bin/python3 -u /Users/flex/.p2/pool/plugins/org.python.pydev.core_8.0.0.202009061309/pysrc/interpreterInfo.py
- Setting task name:Making exec... /usr/local/bin/python3 -u /Users/flex/.p2/pool/plugins/org.python.pydev.core_8.0.0.202009061309/pysrc/interpreterInfo.py
- Setting task name:Reading output...
- Setting task name:Waiting for process to finish.
- Setting task name:Process finished.
- Success getting the info. Result:<xml>
<name>python</name>
<version>3.7</version>
<executable>/usr/local/bin/python3</executable>
<lib>/usr/local/Cellar/python/3.7.2_2/Frameworks/Python.framework/Versions/3.7/lib/python3.7</lib>
<lib>/usr/local/Cellar/python/3.7.2_2/Frameworks/Python.framework/Versions/3.7/lib/python3.7/lib-dynload</lib>
<lib>/usr/local/lib/python3.7/site-packages</lib>
<forced_lib>Image</forced_lib>
<forced_lib>OpenGL</forced_lib>
<forced_lib>_abc</forced_lib>
<forced_lib>_ast</forced_lib>
<forced_lib>_bisect</forced_lib>
<forced_lib>_bytesio</forced_lib>
<forced_lib>_codecs</forced_lib>
<forced_lib>_codecs_cn</forced_lib>
<forced_lib>_codecs_hk</forced_lib>
<forced_lib>_codecs_iso2022</forced_lib>
<forced_lib>_codecs_jp</forced_lib>
<forced_lib>_codecs_kr</forced_lib>
<forced_lib>_codecs_tw</forced_lib>
<forced_lib>_collections</forced_lib>
<forced_lib>_csv</forced_lib>
<forced_lib>_fileio</forced_lib>
<forced_lib>_functools</forced_lib>
<forced_lib>_heapq</forced_lib>
<forced_lib>_hotshot</forced_lib>
<forced_lib>_imp</forced_lib>
<forced_lib>_io</forced_lib>
<forced_lib>_json</forced_lib>
<forced_lib>_locale</forced_lib>
<forced_lib>_lsprof</forced_lib>
<forced_lib>_md5</forced_lib>
<forced_lib>_multibytecodec</forced_lib>
<forced_lib>_operator</forced_lib>
<forced_lib>_random</forced_lib>
<forced_lib>_sha</forced_lib>
<forced_lib>_sha256</forced_lib>
<forced_lib>_sha512</forced_lib>
<forced_lib>_signal</forced_lib>
<forced_lib>_sre</forced_lib>
<forced_lib>_stat</forced_lib>
<forced_lib>_string</forced_lib>
<forced_lib>_struct</forced_lib>
<forced_lib>_subprocess</forced_lib>
<forced_lib>_symtable</forced_lib>
<forced_lib>_thread</forced_lib>
<forced_lib>_tracemalloc</forced_lib>
<forced_lib>_warnings</forced_lib>
<forced_lib>_weakref</forced_lib>
<forced_lib>_winreg</forced_lib>
<forced_lib>array</forced_lib>
<forced_lib>atexit</forced_lib>
<forced_lib>audioop</forced_lib>
<forced_lib>binascii</forced_lib>
<forced_lib>builtins</forced_lib>
<forced_lib>cPickle</forced_lib>
<forced_lib>cStringIO</forced_lib>
<forced_lib>cmath</forced_lib>
<forced_lib>cv2</forced_lib>
<forced_lib>datetime</forced_lib>
<forced_lib>email</forced_lib>
<forced_lib>errno</forced_lib>
<forced_lib>exceptions</forced_lib>
<forced_lib>faulthandler</forced_lib>
<forced_lib>future_builtins</forced_lib>
<forced_lib>gc</forced_lib>
<forced_lib>gi</forced_lib>
<forced_lib>hashlib</forced_lib>
<forced_lib>imageop</forced_lib>
<forced_lib>imp</forced_lib>
<forced_lib>itertools</forced_lib>
<forced_lib>marshal</forced_lib>
<forced_lib>math</forced_lib>
<forced_lib>mmap</forced_lib>
<forced_lib>mock</forced_lib>
<forced_lib>msvcrt</forced_lib>
<forced_lib>multiprocessing</forced_lib>
<forced_lib>mutagen</forced_lib>
<forced_lib>nt</forced_lib>
<forced_lib>numpy</forced_lib>
<forced_lib>operator</forced_lib>
<forced_lib>os</forced_lib>
<forced_lib>os.path</forced_lib>
<forced_lib>parser</forced_lib>
<forced_lib>posix</forced_lib>
<forced_lib>pwd</forced_lib>
<forced_lib>py</forced_lib>
<forced_lib>pytest</forced_lib>
<forced_lib>re</forced_lib>
<forced_lib>scipy</forced_lib>
<forced_lib>signal</forced_lib>
<forced_lib>six</forced_lib>
<forced_lib>socket</forced_lib>
<forced_lib>ssl</forced_lib>
<forced_lib>strop</forced_lib>
<forced_lib>sys</forced_lib>
<forced_lib>thread</forced_lib>
<forced_lib>time</forced_lib>
<forced_lib>wx</forced_lib>
<forced_lib>wxPython</forced_lib>
<forced_lib>xxsubtype</forced_lib>
<forced_lib>zipimport</forced_lib>
<forced_lib>zlib</forced_lib>
<string_substitution_var><key>PY</key><value>37</value></string_substitution_var>
</xml>
- Ok, file is non-null. Getting info on:/usr/local/bin/python3.7
- Beggining task:Getting libs totalWork:100
- Setting task name:Mounting executable string...
- Setting task name:Executing:  /usr/local/bin/python3.7 -u /Users/flex/.p2/pool/plugins/org.python.pydev.core_8.0.0.202009061309/pysrc/interpreterInfo.py
- Setting task name:Making pythonpath environment... /usr/local/bin/python3.7 -u /Users/flex/.p2/pool/plugins/org.python.pydev.core_8.0.0.202009061309/pysrc/interpreterInfo.py
- Setting task name:Making exec... /usr/local/bin/python3.7 -u /Users/flex/.p2/pool/plugins/org.python.pydev.core_8.0.0.202009061309/pysrc/interpreterInfo.py
- Setting task name:Reading output...
- Setting task name:Waiting for process to finish.
- Setting task name:Process finished.
- Success getting the info. Result:<xml>
<name>python</name>
<version>3.7</version>
<executable>/usr/local/bin/python3.7</executable>
<lib>/usr/local/Cellar/python/3.7.2_2/Frameworks/Python.framework/Versions/3.7/lib/python3.7</lib>
<lib>/usr/local/Cellar/python/3.7.2_2/Frameworks/Python.framework/Versions/3.7/lib/python3.7/lib-dynload</lib>
<lib>/usr/local/lib/python3.7/site-packages</lib>
<forced_lib>Image</forced_lib>
<forced_lib>OpenGL</forced_lib>
<forced_lib>_abc</forced_lib>
<forced_lib>_ast</forced_lib>
<forced_lib>_bisect</forced_lib>
<forced_lib>_bytesio</forced_lib>
<forced_lib>_codecs</forced_lib>
<forced_lib>_codecs_cn</forced_lib>
<forced_lib>_codecs_hk</forced_lib>
<forced_lib>_codecs_iso2022</forced_lib>
<forced_lib>_codecs_jp</forced_lib>
<forced_lib>_codecs_kr</forced_lib>
<forced_lib>_codecs_tw</forced_lib>
<forced_lib>_collections</forced_lib>
<forced_lib>_csv</forced_lib>
<forced_lib>_fileio</forced_lib>
<forced_lib>_functools</forced_lib>
<forced_lib>_heapq</forced_lib>
<forced_lib>_hotshot</forced_lib>
<forced_lib>_imp</forced_lib>
<forced_lib>_io</forced_lib>
<forced_lib>_json</forced_lib>
<forced_lib>_locale</forced_lib>
<forced_lib>_lsprof</forced_lib>
<forced_lib>_md5</forced_lib>
<forced_lib>_multibytecodec</forced_lib>
<forced_lib>_operator</forced_lib>
<forced_lib>_random</forced_lib>
<forced_lib>_sha</forced_lib>
<forced_lib>_sha256</forced_lib>
<forced_lib>_sha512</forced_lib>
<forced_lib>_signal</forced_lib>
<forced_lib>_sre</forced_lib>
<forced_lib>_stat</forced_lib>
<forced_lib>_string</forced_lib>
<forced_lib>_struct</forced_lib>
<forced_lib>_subprocess</forced_lib>
<forced_lib>_symtable</forced_lib>
<forced_lib>_thread</forced_lib>
<forced_lib>_tracemalloc</forced_lib>
<forced_lib>_warnings</forced_lib>
<forced_lib>_weakref</forced_lib>
<forced_lib>_winreg</forced_lib>
<forced_lib>array</forced_lib>
<forced_lib>atexit</forced_lib>
<forced_lib>audioop</forced_lib>
<forced_lib>binascii</forced_lib>
<forced_lib>builtins</forced_lib>
<forced_lib>cPickle</forced_lib>
<forced_lib>cStringIO</forced_lib>
<forced_lib>cmath</forced_lib>
<forced_lib>cv2</forced_lib>
<forced_lib>datetime</forced_lib>
<forced_lib>email</forced_lib>
<forced_lib>errno</forced_lib>
<forced_lib>exceptions</forced_lib>
<forced_lib>faulthandler</forced_lib>
<forced_lib>future_builtins</forced_lib>
<forced_lib>gc</forced_lib>
<forced_lib>gi</forced_lib>
<forced_lib>hashlib</forced_lib>
<forced_lib>imageop</forced_lib>
<forced_lib>imp</forced_lib>
<forced_lib>itertools</forced_lib>
<forced_lib>marshal</forced_lib>
<forced_lib>math</forced_lib>
<forced_lib>mmap</forced_lib>
<forced_lib>mock</forced_lib>
<forced_lib>msvcrt</forced_lib>
<forced_lib>multiprocessing</forced_lib>
<forced_lib>mutagen</forced_lib>
<forced_lib>nt</forced_lib>
<forced_lib>numpy</forced_lib>
<forced_lib>operator</forced_lib>
<forced_lib>os</forced_lib>
<forced_lib>os.path</forced_lib>
<forced_lib>parser</forced_lib>
<forced_lib>posix</forced_lib>
<forced_lib>pwd</forced_lib>
<forced_lib>py</forced_lib>
<forced_lib>pytest</forced_lib>
<forced_lib>re</forced_lib>
<forced_lib>scipy</forced_lib>
<forced_lib>signal</forced_lib>
<forced_lib>six</forced_lib>
<forced_lib>socket</forced_lib>
<forced_lib>ssl</forced_lib>
<forced_lib>strop</forced_lib>
<forced_lib>sys</forced_lib>
<forced_lib>thread</forced_lib>
<forced_lib>time</forced_lib>
<forced_lib>wx</forced_lib>
<forced_lib>wxPython</forced_lib>
<forced_lib>xxsubtype</forced_lib>
<forced_lib>zipimport</forced_lib>
<forced_lib>zlib</forced_lib>
<string_substitution_var><key>PY</key><value>37</value></string_substitution_var>
</xml>
- Ok, file is non-null. Getting info on:/usr/local/bin/python3.7
- Beggining task:Getting libs totalWork:100
- Setting task name:Mounting executable string...
- Setting task name:Executing:  /usr/local/bin/python3.7 -u /Users/flex/.p2/pool/plugins/org.python.pydev.core_8.0.0.202009061309/pysrc/interpreterInfo.py
- Setting task name:Making pythonpath environment... /usr/local/bin/python3.7 -u /Users/flex/.p2/pool/plugins/org.python.pydev.core_8.0.0.202009061309/pysrc/interpreterInfo.py
- Setting task name:Making exec... /usr/local/bin/python3.7 -u /Users/flex/.p2/pool/plugins/org.python.pydev.core_8.0.0.202009061309/pysrc/interpreterInfo.py
- Setting task name:Reading output...
- Setting task name:Waiting for process to finish.
- Setting task name:Process finished.
- Success getting the info. Result:<xml>
<name>python</name>
<version>3.7</version>
<executable>/usr/local/bin/python3.7</executable>
<lib>/usr/local/Cellar/python/3.7.2_2/Frameworks/Python.framework/Versions/3.7/lib/python3.7</lib>
<lib>/usr/local/Cellar/python/3.7.2_2/Frameworks/Python.framework/Versions/3.7/lib/python3.7/lib-dynload</lib>
<lib>/usr/local/lib/python3.7/site-packages</lib>
<forced_lib>Image</forced_lib>
<forced_lib>OpenGL</forced_lib>
<forced_lib>_abc</forced_lib>
<forced_lib>_ast</forced_lib>
<forced_lib>_bisect</forced_lib>
<forced_lib>_bytesio</forced_lib>
<forced_lib>_codecs</forced_lib>
<forced_lib>_codecs_cn</forced_lib>
<forced_lib>_codecs_hk</forced_lib>
<forced_lib>_codecs_iso2022</forced_lib>
<forced_lib>_codecs_jp</forced_lib>
<forced_lib>_codecs_kr</forced_lib>
<forced_lib>_codecs_tw</forced_lib>
<forced_lib>_collections</forced_lib>
<forced_lib>_csv</forced_lib>
<forced_lib>_fileio</forced_lib>
<forced_lib>_functools</forced_lib>
<forced_lib>_heapq</forced_lib>
<forced_lib>_hotshot</forced_lib>
<forced_lib>_imp</forced_lib>
<forced_lib>_io</forced_lib>
<forced_lib>_json</forced_lib>
<forced_lib>_locale</forced_lib>
<forced_lib>_lsprof</forced_lib>
<forced_lib>_md5</forced_lib>
<forced_lib>_multibytecodec</forced_lib>
<forced_lib>_operator</forced_lib>
<forced_lib>_random</forced_lib>
<forced_lib>_sha</forced_lib>
<forced_lib>_sha256</forced_lib>
<forced_lib>_sha512</forced_lib>
<forced_lib>_signal</forced_lib>
<forced_lib>_sre</forced_lib>
<forced_lib>_stat</forced_lib>
<forced_lib>_string</forced_lib>
<forced_lib>_struct</forced_lib>
<forced_lib>_subprocess</forced_lib>
<forced_lib>_symtable</forced_lib>
<forced_lib>_thread</forced_lib>
<forced_lib>_tracemalloc</forced_lib>
<forced_lib>_warnings</forced_lib>
<forced_lib>_weakref</forced_lib>
<forced_lib>_winreg</forced_lib>
<forced_lib>array</forced_lib>
<forced_lib>atexit</forced_lib>
<forced_lib>audioop</forced_lib>
<forced_lib>binascii</forced_lib>
<forced_lib>builtins</forced_lib>
<forced_lib>cPickle</forced_lib>
<forced_lib>cStringIO</forced_lib>
<forced_lib>cmath</forced_lib>
<forced_lib>cv2</forced_lib>
<forced_lib>datetime</forced_lib>
<forced_lib>email</forced_lib>
<forced_lib>errno</forced_lib>
<forced_lib>exceptions</forced_lib>
<forced_lib>faulthandler</forced_lib>
<forced_lib>future_builtins</forced_lib>
<forced_lib>gc</forced_lib>
<forced_lib>gi</forced_lib>
<forced_lib>hashlib</forced_lib>
<forced_lib>imageop</forced_lib>
<forced_lib>imp</forced_lib>
<forced_lib>itertools</forced_lib>
<forced_lib>marshal</forced_lib>
<forced_lib>math</forced_lib>
<forced_lib>mmap</forced_lib>
<forced_lib>mock</forced_lib>
<forced_lib>msvcrt</forced_lib>
<forced_lib>multiprocessing</forced_lib>
<forced_lib>mutagen</forced_lib>
<forced_lib>nt</forced_lib>
<forced_lib>numpy</forced_lib>
<forced_lib>operator</forced_lib>
<forced_lib>os</forced_lib>
<forced_lib>os.path</forced_lib>
<forced_lib>parser</forced_lib>
<forced_lib>posix</forced_lib>
<forced_lib>pwd</forced_lib>
<forced_lib>py</forced_lib>
<forced_lib>pytest</forced_lib>
<forced_lib>re</forced_lib>
<forced_lib>scipy</forced_lib>
<forced_lib>signal</forced_lib>
<forced_lib>six</forced_lib>
<forced_lib>socket</forced_lib>
<forced_lib>ssl</forced_lib>
<forced_lib>strop</forced_lib>
<forced_lib>sys</forced_lib>
<forced_lib>thread</forced_lib>
<forced_lib>time</forced_lib>
<forced_lib>wx</forced_lib>
<forced_lib>wxPython</forced_lib>
<forced_lib>xxsubtype</forced_lib>
<forced_lib>zipimport</forced_lib>
<forced_lib>zlib</forced_lib>
<string_substitution_var><key>PY</key><value>37</value></string_substitution_var>
</xml>

!STACK 0
java.lang.RuntimeException: - Ok, file is non-null. Getting info on:/usr/bin/python
- Beggining task:Getting libs totalWork:100
- Setting task name:Mounting executable string...
- Setting task name:Executing:  /usr/bin/python -u /Users/flex/.p2/pool/plugins/org.python.pydev.core_8.0.0.202009061309/pysrc/interpreterInfo.py
- Setting task name:Making pythonpath environment... /usr/bin/python -u /Users/flex/.p2/pool/plugins/org.python.pydev.core_8.0.0.202009061309/pysrc/interpreterInfo.py
- Setting task name:Making exec... /usr/bin/python -u /Users/flex/.p2/pool/plugins/org.python.pydev.core_8.0.0.202009061309/pysrc/interpreterInfo.py
- Setting task name:Reading output...
- Setting task name:Waiting for process to finish.
- Setting task name:Process finished.
- Success getting the info. Result:<xml>
<name>python</name>
<version>2.7</version>
<executable>/usr/bin/python</executable>
<lib>/Library/Python/2.7/site-packages/requests-2.18.4-py2.7.egg</lib>
<lib>/Library/Python/2.7/site-packages/certifi-2018.1.18-py2.7.egg</lib>
<lib>/Library/Python/2.7/site-packages/urllib3-1.22-py2.7.egg</lib>
<lib>/Library/Python/2.7/site-packages/idna-2.6-py2.7.egg</lib>
<lib>/Library/Python/2.7/site-packages/chardet-3.0.4-py2.7.egg</lib>
<lib>/Library/Python/2.7/site-packages/pip-10.0.1-py2.7.egg</lib>
<lib>/Library/Python/2.7/site-packages/nose-1.3.7-py2.7.egg</lib>
<lib>/System/Library/Frameworks/Python.framework/Versions/2.7/lib/python2.7</lib>
<lib>/System/Library/Frameworks/Python.framework/Versions/2.7/lib/python2.7/plat-darwin</lib>
<lib>/System/Library/Frameworks/Python.framework/Versions/2.7/lib/python2.7/plat-mac</lib>
<lib>/System/Library/Frameworks/Python.framework/Versions/2.7/lib/python2.7/plat-mac/lib-scriptpackages</lib>
<lib>/System/Library/Frameworks/Python.framework/Versions/2.7/lib/python2.7/lib-tk</lib>
<lib>/System/Library/Frameworks/Python.framework/Versions/2.7/lib/python2.7/lib-dynload</lib>
<lib>/Library/Python/2.7/site-packages</lib>
<lib>/System/Library/Frameworks/Python.framework/Versions/2.7/Extras/lib/python</lib>
<lib>/System/Library/Frameworks/Python.framework/Versions/2.7/Extras/lib/python/PyObjC</lib>
<forced_lib>Image</forced_lib>
<forced_lib>OpenGL</forced_lib>
<forced_lib>__builtin__</forced_lib>
<forced_lib>__main__</forced_lib>
<forced_lib>_ast</forced_lib>
<forced_lib>_bisect</forced_lib>
<forced_lib>_bytesio</forced_lib>
<forced_lib>_codecs</forced_lib>
<forced_lib>_codecs_cn</forced_lib>
<forced_lib>_codecs_hk</forced_lib>
<forced_lib>_codecs_iso2022</forced_lib>
<forced_lib>_codecs_jp</forced_lib>
<forced_lib>_codecs_kr</forced_lib>
<forced_lib>_codecs_tw</forced_lib>
<forced_lib>_collections</forced_lib>
<forced_lib>_csv</forced_lib>
<forced_lib>_fileio</forced_lib>
<forced_lib>_functools</forced_lib>
<forced_lib>_heapq</forced_lib>
<forced_lib>_hotshot</forced_lib>
<forced_lib>_json</forced_lib>
<forced_lib>_locale</forced_lib>
<forced_lib>_lsprof</forced_lib>
<forced_lib>_md5</forced_lib>
<forced_lib>_multibytecodec</forced_lib>
<forced_lib>_random</forced_lib>
<forced_lib>_sha</forced_lib>
<forced_lib>_sha256</forced_lib>
<forced_lib>_sha512</forced_lib>
<forced_lib>_sre</forced_lib>
<forced_lib>_struct</forced_lib>
<forced_lib>_subprocess</forced_lib>
<forced_lib>_symtable</forced_lib>
<forced_lib>_warnings</forced_lib>
<forced_lib>_weakref</forced_lib>
<forced_lib>_winreg</forced_lib>
<forced_lib>array</forced_lib>
<forced_lib>audioop</forced_lib>
<forced_lib>binascii</forced_lib>
<forced_lib>cPickle</forced_lib>
<forced_lib>cStringIO</forced_lib>
<forced_lib>cmath</forced_lib>
<forced_lib>cv2</forced_lib>
<forced_lib>datetime</forced_lib>
<forced_lib>email</forced_lib>
<forced_lib>errno</forced_lib>
<forced_lib>exceptions</forced_lib>
<forced_lib>future_builtins</forced_lib>
<forced_lib>gc</forced_lib>
<forced_lib>gi</forced_lib>
<forced_lib>hashlib</forced_lib>
<forced_lib>imageop</forced_lib>
<forced_lib>imp</forced_lib>
<forced_lib>itertools</forced_lib>
<forced_lib>marshal</forced_lib>
<forced_lib>math</forced_lib>
<forced_lib>mmap</forced_lib>
<forced_lib>mock</forced_lib>
<forced_lib>msvcrt</forced_lib>
<forced_lib>multiprocessing</forced_lib>
<forced_lib>mutagen</forced_lib>
<forced_lib>nose</forced_lib>
<forced_lib>nose.tools</forced_lib>
<forced_lib>nt</forced_lib>
<forced_lib>numpy</forced_lib>
<forced_lib>operator</forced_lib>
<forced_lib>os</forced_lib>
<forced_lib>os.path</forced_lib>
<forced_lib>parser</forced_lib>
<forced_lib>posix</forced_lib>
<forced_lib>pwd</forced_lib>
<forced_lib>py</forced_lib>
<forced_lib>pytest</forced_lib>
<forced_lib>re</forced_lib>
<forced_lib>scipy</forced_lib>
<forced_lib>signal</forced_lib>
<forced_lib>six</forced_lib>
<forced_lib>socket</forced_lib>
<forced_lib>ssl</forced_lib>
<forced_lib>strop</forced_lib>
<forced_lib>sys</forced_lib>
<forced_lib>thread</forced_lib>
<forced_lib>time</forced_lib>
<forced_lib>wx</forced_lib>
<forced_lib>wxPython</forced_lib>
<forced_lib>xxsubtype</forced_lib>
<forced_lib>zipimport</forced_lib>
<forced_lib>zlib</forced_lib>
<string_substitution_var><key>PY</key><value>27</value></string_substitution_var>
</xml>
- Ok, file is non-null. Getting info on:/usr/bin/python3
- Beggining task:Getting libs totalWork:100
- Setting task name:Mounting executable string...
- Setting task name:Executing:  /usr/bin/python3 -u /Users/flex/.p2/pool/plugins/org.python.pydev.core_8.0.0.202009061309/pysrc/interpreterInfo.py
- Setting task name:Making pythonpath environment... /usr/bin/python3 -u /Users/flex/.p2/pool/plugins/org.python.pydev.core_8.0.0.202009061309/pysrc/interpreterInfo.py
- Setting task name:Making exec... /usr/bin/python3 -u /Users/flex/.p2/pool/plugins/org.python.pydev.core_8.0.0.202009061309/pysrc/interpreterInfo.py
- Setting task name:Reading output...
- Setting task name:Waiting for process to finish.
- Setting task name:Process finished.
Exception detected: No output was in the standard output when
trying to create the interpreter info for: /usr/bin/python3
The error output contains:>>xcrun: error: invalid active developer path (/Library/Developer/CommandLineTools), missing xcrun at: /Library/Developer/CommandLineTools/usr/bin/xcrun
<<
- Some error happened while getting info on the interpreter:
java.lang.RuntimeException: No output was in the standard output when
trying to create the interpreter info for: /usr/bin/python3
The error output contains:>>xcrun: error: invalid active developer path (/Library/Developer/CommandLineTools), missing xcrun at: /Library/Developer/CommandLineTools/usr/bin/xcrun
<<
	at org.python.pydev.ast.interpreter_managers.AbstractInterpreterManager.createInfoFromOutput(AbstractInterpreterManager.java:365)
	at org.python.pydev.ast.interpreter_managers.PythonInterpreterManager.doCreateInterpreterInfo(PythonInterpreterManager.java:70)
	at org.python.pydev.ast.interpreter_managers.PythonInterpreterManager.internalCreateInterpreterInfo(PythonInterpreterManager.java:43)
	at org.python.pydev.ast.interpreter_managers.AbstractInterpreterManager.createInterpreterInfo(AbstractInterpreterManager.java:325)
	at org.python.pydev.ui.pythonpathconf.ObtainInterpreterInfoOperation.run(ObtainInterpreterInfoOperation.java:83)
	at org.eclipse.jface.operation.ModalContext$ModalContextThread.run(ModalContext.java:122)
- Ok, file is non-null. Getting info on:/usr/bin/python2
- Beggining task:Getting libs totalWork:100
- Setting task name:Mounting executable string...
- Setting task name:Executing:  /usr/bin/python2 -u /Users/flex/.p2/pool/plugins/org.python.pydev.core_8.0.0.202009061309/pysrc/interpreterInfo.py
- Setting task name:Making pythonpath environment... /usr/bin/python2 -u /Users/flex/.p2/pool/plugins/org.python.pydev.core_8.0.0.202009061309/pysrc/interpreterInfo.py
- Setting task name:Making exec... /usr/bin/python2 -u /Users/flex/.p2/pool/plugins/org.python.pydev.core_8.0.0.202009061309/pysrc/interpreterInfo.py
- Setting task name:Reading output...
- Setting task name:Waiting for process to finish.
- Setting task name:Process finished.
- Success getting the info. Result:<xml>
<name>python</name>
<version>2.7</version>
<executable>/usr/bin/python2</executable>
<lib>/Library/Python/2.7/site-packages/requests-2.18.4-py2.7.egg</lib>
<lib>/Library/Python/2.7/site-packages/certifi-2018.1.18-py2.7.egg</lib>
<lib>/Library/Python/2.7/site-packages/urllib3-1.22-py2.7.egg</lib>
<lib>/Library/Python/2.7/site-packages/idna-2.6-py2.7.egg</lib>
<lib>/Library/Python/2.7/site-packages/chardet-3.0.4-py2.7.egg</lib>
<lib>/Library/Python/2.7/site-packages/pip-10.0.1-py2.7.egg</lib>
<lib>/Library/Python/2.7/site-packages/nose-1.3.7-py2.7.egg</lib>
<lib>/System/Library/Frameworks/Python.framework/Versions/2.7/lib/python2.7</lib>
<lib>/System/Library/Frameworks/Python.framework/Versions/2.7/lib/python2.7/plat-darwin</lib>
<lib>/System/Library/Frameworks/Python.framework/Versions/2.7/lib/python2.7/plat-mac</lib>
<lib>/System/Library/Frameworks/Python.framework/Versions/2.7/lib/python2.7/plat-mac/lib-scriptpackages</lib>
<lib>/System/Library/Frameworks/Python.framework/Versions/2.7/lib/python2.7/lib-tk</lib>
<lib>/System/Library/Frameworks/Python.framework/Versions/2.7/lib/python2.7/lib-dynload</lib>
<lib>/Library/Python/2.7/site-packages</lib>
<lib>/System/Library/Frameworks/Python.framework/Versions/2.7/Extras/lib/python</lib>
<lib>/System/Library/Frameworks/Python.framework/Versions/2.7/Extras/lib/python/PyObjC</lib>
<forced_lib>Image</forced_lib>
<forced_lib>OpenGL</forced_lib>
<forced_lib>__builtin__</forced_lib>
<forced_lib>__main__</forced_lib>
<forced_lib>_ast</forced_lib>
<forced_lib>_bisect</forced_lib>
<forced_lib>_bytesio</forced_lib>
<forced_lib>_codecs</forced_lib>
<forced_lib>_codecs_cn</forced_lib>
<forced_lib>_codecs_hk</forced_lib>
<forced_lib>_codecs_iso2022</forced_lib>
<forced_lib>_codecs_jp</forced_lib>
<forced_lib>_codecs_kr</forced_lib>
<forced_lib>_codecs_tw</forced_lib>
<forced_lib>_collections</forced_lib>
<forced_lib>_csv</forced_lib>
<forced_lib>_fileio</forced_lib>
<forced_lib>_functools</forced_lib>
<forced_lib>_heapq</forced_lib>
<forced_lib>_hotshot</forced_lib>
<forced_lib>_json</forced_lib>
<forced_lib>_locale</forced_lib>
<forced_lib>_lsprof</forced_lib>
<forced_lib>_md5</forced_lib>
<forced_lib>_multibytecodec</forced_lib>
<forced_lib>_random</forced_lib>
<forced_lib>_sha</forced_lib>
<forced_lib>_sha256</forced_lib>
<forced_lib>_sha512</forced_lib>
<forced_lib>_sre</forced_lib>
<forced_lib>_struct</forced_lib>
<forced_lib>_subprocess</forced_lib>
<forced_lib>_symtable</forced_lib>
<forced_lib>_warnings</forced_lib>
<forced_lib>_weakref</forced_lib>
<forced_lib>_winreg</forced_lib>
<forced_lib>array</forced_lib>
<forced_lib>audioop</forced_lib>
<forced_lib>binascii</forced_lib>
<forced_lib>cPickle</forced_lib>
<forced_lib>cStringIO</forced_lib>
<forced_lib>cmath</forced_lib>
<forced_lib>cv2</forced_lib>
<forced_lib>datetime</forced_lib>
<forced_lib>email</forced_lib>
<forced_lib>errno</forced_lib>
<forced_lib>exceptions</forced_lib>
<forced_lib>future_builtins</forced_lib>
<forced_lib>gc</forced_lib>
<forced_lib>gi</forced_lib>
<forced_lib>hashlib</forced_lib>
<forced_lib>imageop</forced_lib>
<forced_lib>imp</forced_lib>
<forced_lib>itertools</forced_lib>
<forced_lib>marshal</forced_lib>
<forced_lib>math</forced_lib>
<forced_lib>mmap</forced_lib>
<forced_lib>mock</forced_lib>
<forced_lib>msvcrt</forced_lib>
<forced_lib>multiprocessing</forced_lib>
<forced_lib>mutagen</forced_lib>
<forced_lib>nose</forced_lib>
<forced_lib>nose.tools</forced_lib>
<forced_lib>nt</forced_lib>
<forced_lib>numpy</forced_lib>
<forced_lib>operator</forced_lib>
<forced_lib>os</forced_lib>
<forced_lib>os.path</forced_lib>
<forced_lib>parser</forced_lib>
<forced_lib>posix</forced_lib>
<forced_lib>pwd</forced_lib>
<forced_lib>py</forced_lib>
<forced_lib>pytest</forced_lib>
<forced_lib>re</forced_lib>
<forced_lib>scipy</forced_lib>
<forced_lib>signal</forced_lib>
<forced_lib>six</forced_lib>
<forced_lib>socket</forced_lib>
<forced_lib>ssl</forced_lib>
<forced_lib>strop</forced_lib>
<forced_lib>sys</forced_lib>
<forced_lib>thread</forced_lib>
<forced_lib>time</forced_lib>
<forced_lib>wx</forced_lib>
<forced_lib>wxPython</forced_lib>
<forced_lib>xxsubtype</forced_lib>
<forced_lib>zipimport</forced_lib>
<forced_lib>zlib</forced_lib>
<string_substitution_var><key>PY</key><value>27</value></string_substitution_var>
</xml>
- Ok, file is non-null. Getting info on:/usr/bin/python2.7
- Beggining task:Getting libs totalWork:100
- Setting task name:Mounting executable string...
- Setting task name:Executing:  /usr/bin/python2.7 -u /Users/flex/.p2/pool/plugins/org.python.pydev.core_8.0.0.202009061309/pysrc/interpreterInfo.py
- Setting task name:Making pythonpath environment... /usr/bin/python2.7 -u /Users/flex/.p2/pool/plugins/org.python.pydev.core_8.0.0.202009061309/pysrc/interpreterInfo.py
- Setting task name:Making exec... /usr/bin/python2.7 -u /Users/flex/.p2/pool/plugins/org.python.pydev.core_8.0.0.202009061309/pysrc/interpreterInfo.py
- Setting task name:Reading output...
- Setting task name:Waiting for process to finish.
- Setting task name:Process finished.
- Success getting the info. Result:<xml>
<name>python</name>
<version>2.7</version>
<executable>/usr/bin/python2.7</executable>
<lib>/Library/Python/2.7/site-packages/requests-2.18.4-py2.7.egg</lib>
<lib>/Library/Python/2.7/site-packages/certifi-2018.1.18-py2.7.egg</lib>
<lib>/Library/Python/2.7/site-packages/urllib3-1.22-py2.7.egg</lib>
<lib>/Library/Python/2.7/site-packages/idna-2.6-py2.7.egg</lib>
<lib>/Library/Python/2.7/site-packages/chardet-3.0.4-py2.7.egg</lib>
<lib>/Library/Python/2.7/site-packages/pip-10.0.1-py2.7.egg</lib>
<lib>/Library/Python/2.7/site-packages/nose-1.3.7-py2.7.egg</lib>
<lib>/System/Library/Frameworks/Python.framework/Versions/2.7/lib/python2.7</lib>
<lib>/System/Library/Frameworks/Python.framework/Versions/2.7/lib/python2.7/plat-darwin</lib>
<lib>/System/Library/Frameworks/Python.framework/Versions/2.7/lib/python2.7/plat-mac</lib>
<lib>/System/Library/Frameworks/Python.framework/Versions/2.7/lib/python2.7/plat-mac/lib-scriptpackages</lib>
<lib>/System/Library/Frameworks/Python.framework/Versions/2.7/lib/python2.7/lib-tk</lib>
<lib>/System/Library/Frameworks/Python.framework/Versions/2.7/lib/python2.7/lib-dynload</lib>
<lib>/Library/Python/2.7/site-packages</lib>
<lib>/System/Library/Frameworks/Python.framework/Versions/2.7/Extras/lib/python</lib>
<lib>/System/Library/Frameworks/Python.framework/Versions/2.7/Extras/lib/python/PyObjC</lib>
<forced_lib>Image</forced_lib>
<forced_lib>OpenGL</forced_lib>
<forced_lib>__builtin__</forced_lib>
<forced_lib>__main__</forced_lib>
<forced_lib>_ast</forced_lib>
<forced_lib>_bisect</forced_lib>
<forced_lib>_bytesio</forced_lib>
<forced_lib>_codecs</forced_lib>
<forced_lib>_codecs_cn</forced_lib>
<forced_lib>_codecs_hk</forced_lib>
<forced_lib>_codecs_iso2022</forced_lib>
<forced_lib>_codecs_jp</forced_lib>
<forced_lib>_codecs_kr</forced_lib>
<forced_lib>_codecs_tw</forced_lib>
<forced_lib>_collections</forced_lib>
<forced_lib>_csv</forced_lib>
<forced_lib>_fileio</forced_lib>
<forced_lib>_functools</forced_lib>
<forced_lib>_heapq</forced_lib>
<forced_lib>_hotshot</forced_lib>
<forced_lib>_json</forced_lib>
<forced_lib>_locale</forced_lib>
<forced_lib>_lsprof</forced_lib>
<forced_lib>_md5</forced_lib>
<forced_lib>_multibytecodec</forced_lib>
<forced_lib>_random</forced_lib>
<forced_lib>_sha</forced_lib>
<forced_lib>_sha256</forced_lib>
<forced_lib>_sha512</forced_lib>
<forced_lib>_sre</forced_lib>
<forced_lib>_struct</forced_lib>
<forced_lib>_subprocess</forced_lib>
<forced_lib>_symtable</forced_lib>
<forced_lib>_warnings</forced_lib>
<forced_lib>_weakref</forced_lib>
<forced_lib>_winreg</forced_lib>
<forced_lib>array</forced_lib>
<forced_lib>audioop</forced_lib>
<forced_lib>binascii</forced_lib>
<forced_lib>cPickle</forced_lib>
<forced_lib>cStringIO</forced_lib>
<forced_lib>cmath</forced_lib>
<forced_lib>cv2</forced_lib>
<forced_lib>datetime</forced_lib>
<forced_lib>email</forced_lib>
<forced_lib>errno</forced_lib>
<forced_lib>exceptions</forced_lib>
<forced_lib>future_builtins</forced_lib>
<forced_lib>gc</forced_lib>
<forced_lib>gi</forced_lib>
<forced_lib>hashlib</forced_lib>
<forced_lib>imageop</forced_lib>
<forced_lib>imp</forced_lib>
<forced_lib>itertools</forced_lib>
<forced_lib>marshal</forced_lib>
<forced_lib>math</forced_lib>
<forced_lib>mmap</forced_lib>
<forced_lib>mock</forced_lib>
<forced_lib>msvcrt</forced_lib>
<forced_lib>multiprocessing</forced_lib>
<forced_lib>mutagen</forced_lib>
<forced_lib>nose</forced_lib>
<forced_lib>nose.tools</forced_lib>
<forced_lib>nt</forced_lib>
<forced_lib>numpy</forced_lib>
<forced_lib>operator</forced_lib>
<forced_lib>os</forced_lib>
<forced_lib>os.path</forced_lib>
<forced_lib>parser</forced_lib>
<forced_lib>posix</forced_lib>
<forced_lib>pwd</forced_lib>
<forced_lib>py</forced_lib>
<forced_lib>pytest</forced_lib>
<forced_lib>re</forced_lib>
<forced_lib>scipy</forced_lib>
<forced_lib>signal</forced_lib>
<forced_lib>six</forced_lib>
<forced_lib>socket</forced_lib>
<forced_lib>ssl</forced_lib>
<forced_lib>strop</forced_lib>
<forced_lib>sys</forced_lib>
<forced_lib>thread</forced_lib>
<forced_lib>time</forced_lib>
<forced_lib>wx</forced_lib>
<forced_lib>wxPython</forced_lib>
<forced_lib>xxsubtype</forced_lib>
<forced_lib>zipimport</forced_lib>
<forced_lib>zlib</forced_lib>
<string_substitution_var><key>PY</key><value>27</value></string_substitution_var>
</xml>
- Ok, file is non-null. Getting info on:/usr/local/bin/python3
- Beggining task:Getting libs totalWork:100
- Setting task name:Mounting executable string...
- Setting task name:Executing:  /usr/local/bin/python3 -u /Users/flex/.p2/pool/plugins/org.python.pydev.core_8.0.0.202009061309/pysrc/interpreterInfo.py
- Setting task name:Making pythonpath environment... /usr/local/bin/python3 -u /Users/flex/.p2/pool/plugins/org.python.pydev.core_8.0.0.202009061309/pysrc/interpreterInfo.py
- Setting task name:Making exec... /usr/local/bin/python3 -u /Users/flex/.p2/pool/plugins/org.python.pydev.core_8.0.0.202009061309/pysrc/interpreterInfo.py
- Setting task name:Reading output...
- Setting task name:Waiting for process to finish.
- Setting task name:Process finished.
- Success getting the info. Result:<xml>
<name>python</name>
<version>3.7</version>
<executable>/usr/local/bin/python3</executable>
<lib>/usr/local/Cellar/python/3.7.2_2/Frameworks/Python.framework/Versions/3.7/lib/python3.7</lib>
<lib>/usr/local/Cellar/python/3.7.2_2/Frameworks/Python.framework/Versions/3.7/lib/python3.7/lib-dynload</lib>
<lib>/usr/local/lib/python3.7/site-packages</lib>
<forced_lib>Image</forced_lib>
<forced_lib>OpenGL</forced_lib>
<forced_lib>_abc</forced_lib>
<forced_lib>_ast</forced_lib>
<forced_lib>_bisect</forced_lib>
<forced_lib>_bytesio</forced_lib>
<forced_lib>_codecs</forced_lib>
<forced_lib>_codecs_cn</forced_lib>
<forced_lib>_codecs_hk</forced_lib>
<forced_lib>_codecs_iso2022</forced_lib>
<forced_lib>_codecs_jp</forced_lib>
<forced_lib>_codecs_kr</forced_lib>
<forced_lib>_codecs_tw</forced_lib>
<forced_lib>_collections</forced_lib>
<forced_lib>_csv</forced_lib>
<forced_lib>_fileio</forced_lib>
<forced_lib>_functools</forced_lib>
<forced_lib>_heapq</forced_lib>
<forced_lib>_hotshot</forced_lib>
<forced_lib>_imp</forced_lib>
<forced_lib>_io</forced_lib>
<forced_lib>_json</forced_lib>
<forced_lib>_locale</forced_lib>
<forced_lib>_lsprof</forced_lib>
<forced_lib>_md5</forced_lib>
<forced_lib>_multibytecodec</forced_lib>
<forced_lib>_operator</forced_lib>
<forced_lib>_random</forced_lib>
<forced_lib>_sha</forced_lib>
<forced_lib>_sha256</forced_lib>
<forced_lib>_sha512</forced_lib>
<forced_lib>_signal</forced_lib>
<forced_lib>_sre</forced_lib>
<forced_lib>_stat</forced_lib>
<forced_lib>_string</forced_lib>
<forced_lib>_struct</forced_lib>
<forced_lib>_subprocess</forced_lib>
<forced_lib>_symtable</forced_lib>
<forced_lib>_thread</forced_lib>
<forced_lib>_tracemalloc</forced_lib>
<forced_lib>_warnings</forced_lib>
<forced_lib>_weakref</forced_lib>
<forced_lib>_winreg</forced_lib>
<forced_lib>array</forced_lib>
<forced_lib>atexit</forced_lib>
<forced_lib>audioop</forced_lib>
<forced_lib>binascii</forced_lib>
<forced_lib>builtins</forced_lib>
<forced_lib>cPickle</forced_lib>
<forced_lib>cStringIO</forced_lib>
<forced_lib>cmath</forced_lib>
<forced_lib>cv2</forced_lib>
<forced_lib>datetime</forced_lib>
<forced_lib>email</forced_lib>
<forced_lib>errno</forced_lib>
<forced_lib>exceptions</forced_lib>
<forced_lib>faulthandler</forced_lib>
<forced_lib>future_builtins</forced_lib>
<forced_lib>gc</forced_lib>
<forced_lib>gi</forced_lib>
<forced_lib>hashlib</forced_lib>
<forced_lib>imageop</forced_lib>
<forced_lib>imp</forced_lib>
<forced_lib>itertools</forced_lib>
<forced_lib>marshal</forced_lib>
<forced_lib>math</forced_lib>
<forced_lib>mmap</forced_lib>
<forced_lib>mock</forced_lib>
<forced_lib>msvcrt</forced_lib>
<forced_lib>multiprocessing</forced_lib>
<forced_lib>mutagen</forced_lib>
<forced_lib>nt</forced_lib>
<forced_lib>numpy</forced_lib>
<forced_lib>operator</forced_lib>
<forced_lib>os</forced_lib>
<forced_lib>os.path</forced_lib>
<forced_lib>parser</forced_lib>
<forced_lib>posix</forced_lib>
<forced_lib>pwd</forced_lib>
<forced_lib>py</forced_lib>
<forced_lib>pytest</forced_lib>
<forced_lib>re</forced_lib>
<forced_lib>scipy</forced_lib>
<forced_lib>signal</forced_lib>
<forced_lib>six</forced_lib>
<forced_lib>socket</forced_lib>
<forced_lib>ssl</forced_lib>
<forced_lib>strop</forced_lib>
<forced_lib>sys</forced_lib>
<forced_lib>thread</forced_lib>
<forced_lib>time</forced_lib>
<forced_lib>wx</forced_lib>
<forced_lib>wxPython</forced_lib>
<forced_lib>xxsubtype</forced_lib>
<forced_lib>zipimport</forced_lib>
<forced_lib>zlib</forced_lib>
<string_substitution_var><key>PY</key><value>37</value></string_substitution_var>
</xml>
- Ok, file is non-null. Getting info on:/usr/local/bin/python3.7
- Beggining task:Getting libs totalWork:100
- Setting task name:Mounting executable string...
- Setting task name:Executing:  /usr/local/bin/python3.7 -u /Users/flex/.p2/pool/plugins/org.python.pydev.core_8.0.0.202009061309/pysrc/interpreterInfo.py
- Setting task name:Making pythonpath environment... /usr/local/bin/python3.7 -u /Users/flex/.p2/pool/plugins/org.python.pydev.core_8.0.0.202009061309/pysrc/interpreterInfo.py
- Setting task name:Making exec... /usr/local/bin/python3.7 -u /Users/flex/.p2/pool/plugins/org.python.pydev.core_8.0.0.202009061309/pysrc/interpreterInfo.py
- Setting task name:Reading output...
- Setting task name:Waiting for process to finish.
- Setting task name:Process finished.
- Success getting the info. Result:<xml>
<name>python</name>
<version>3.7</version>
<executable>/usr/local/bin/python3.7</executable>
<lib>/usr/local/Cellar/python/3.7.2_2/Frameworks/Python.framework/Versions/3.7/lib/python3.7</lib>
<lib>/usr/local/Cellar/python/3.7.2_2/Frameworks/Python.framework/Versions/3.7/lib/python3.7/lib-dynload</lib>
<lib>/usr/local/lib/python3.7/site-packages</lib>
<forced_lib>Image</forced_lib>
<forced_lib>OpenGL</forced_lib>
<forced_lib>_abc</forced_lib>
<forced_lib>_ast</forced_lib>
<forced_lib>_bisect</forced_lib>
<forced_lib>_bytesio</forced_lib>
<forced_lib>_codecs</forced_lib>
<forced_lib>_codecs_cn</forced_lib>
<forced_lib>_codecs_hk</forced_lib>
<forced_lib>_codecs_iso2022</forced_lib>
<forced_lib>_codecs_jp</forced_lib>
<forced_lib>_codecs_kr</forced_lib>
<forced_lib>_codecs_tw</forced_lib>
<forced_lib>_collections</forced_lib>
<forced_lib>_csv</forced_lib>
<forced_lib>_fileio</forced_lib>
<forced_lib>_functools</forced_lib>
<forced_lib>_heapq</forced_lib>
<forced_lib>_hotshot</forced_lib>
<forced_lib>_imp</forced_lib>
<forced_lib>_io</forced_lib>
<forced_lib>_json</forced_lib>
<forced_lib>_locale</forced_lib>
<forced_lib>_lsprof</forced_lib>
<forced_lib>_md5</forced_lib>
<forced_lib>_multibytecodec</forced_lib>
<forced_lib>_operator</forced_lib>
<forced_lib>_random</forced_lib>
<forced_lib>_sha</forced_lib>
<forced_lib>_sha256</forced_lib>
<forced_lib>_sha512</forced_lib>
<forced_lib>_signal</forced_lib>
<forced_lib>_sre</forced_lib>
<forced_lib>_stat</forced_lib>
<forced_lib>_string</forced_lib>
<forced_lib>_struct</forced_lib>
<forced_lib>_subprocess</forced_lib>
<forced_lib>_symtable</forced_lib>
<forced_lib>_thread</forced_lib>
<forced_lib>_tracemalloc</forced_lib>
<forced_lib>_warnings</forced_lib>
<forced_lib>_weakref</forced_lib>
<forced_lib>_winreg</forced_lib>
<forced_lib>array</forced_lib>
<forced_lib>atexit</forced_lib>
<forced_lib>audioop</forced_lib>
<forced_lib>binascii</forced_lib>
<forced_lib>builtins</forced_lib>
<forced_lib>cPickle</forced_lib>
<forced_lib>cStringIO</forced_lib>
<forced_lib>cmath</forced_lib>
<forced_lib>cv2</forced_lib>
<forced_lib>datetime</forced_lib>
<forced_lib>email</forced_lib>
<forced_lib>errno</forced_lib>
<forced_lib>exceptions</forced_lib>
<forced_lib>faulthandler</forced_lib>
<forced_lib>future_builtins</forced_lib>
<forced_lib>gc</forced_lib>
<forced_lib>gi</forced_lib>
<forced_lib>hashlib</forced_lib>
<forced_lib>imageop</forced_lib>
<forced_lib>imp</forced_lib>
<forced_lib>itertools</forced_lib>
<forced_lib>marshal</forced_lib>
<forced_lib>math</forced_lib>
<forced_lib>mmap</forced_lib>
<forced_lib>mock</forced_lib>
<forced_lib>msvcrt</forced_lib>
<forced_lib>multiprocessing</forced_lib>
<forced_lib>mutagen</forced_lib>
<forced_lib>nt</forced_lib>
<forced_lib>numpy</forced_lib>
<forced_lib>operator</forced_lib>
<forced_lib>os</forced_lib>
<forced_lib>os.path</forced_lib>
<forced_lib>parser</forced_lib>
<forced_lib>posix</forced_lib>
<forced_lib>pwd</forced_lib>
<forced_lib>py</forced_lib>
<forced_lib>pytest</forced_lib>
<forced_lib>re</forced_lib>
<forced_lib>scipy</forced_lib>
<forced_lib>signal</forced_lib>
<forced_lib>six</forced_lib>
<forced_lib>socket</forced_lib>
<forced_lib>ssl</forced_lib>
<forced_lib>strop</forced_lib>
<forced_lib>sys</forced_lib>
<forced_lib>thread</forced_lib>
<forced_lib>time</forced_lib>
<forced_lib>wx</forced_lib>
<forced_lib>wxPython</forced_lib>
<forced_lib>xxsubtype</forced_lib>
<forced_lib>zipimport</forced_lib>
<forced_lib>zlib</forced_lib>
<string_substitution_var><key>PY</key><value>37</value></string_substitution_var>
</xml>
- Ok, file is non-null. Getting info on:/usr/local/bin/python3.7
- Beggining task:Getting libs totalWork:100
- Setting task name:Mounting executable string...
- Setting task name:Executing:  /usr/local/bin/python3.7 -u /Users/flex/.p2/pool/plugins/org.python.pydev.core_8.0.0.202009061309/pysrc/interpreterInfo.py
- Setting task name:Making pythonpath environment... /usr/local/bin/python3.7 -u /Users/flex/.p2/pool/plugins/org.python.pydev.core_8.0.0.202009061309/pysrc/interpreterInfo.py
- Setting task name:Making exec... /usr/local/bin/python3.7 -u /Users/flex/.p2/pool/plugins/org.python.pydev.core_8.0.0.202009061309/pysrc/interpreterInfo.py
- Setting task name:Reading output...
- Setting task name:Waiting for process to finish.
- Setting task name:Process finished.
- Success getting the info. Result:<xml>
<name>python</name>
<version>3.7</version>
<executable>/usr/local/bin/python3.7</executable>
<lib>/usr/local/Cellar/python/3.7.2_2/Frameworks/Python.framework/Versions/3.7/lib/python3.7</lib>
<lib>/usr/local/Cellar/python/3.7.2_2/Frameworks/Python.framework/Versions/3.7/lib/python3.7/lib-dynload</lib>
<lib>/usr/local/lib/python3.7/site-packages</lib>
<forced_lib>Image</forced_lib>
<forced_lib>OpenGL</forced_lib>
<forced_lib>_abc</forced_lib>
<forced_lib>_ast</forced_lib>
<forced_lib>_bisect</forced_lib>
<forced_lib>_bytesio</forced_lib>
<forced_lib>_codecs</forced_lib>
<forced_lib>_codecs_cn</forced_lib>
<forced_lib>_codecs_hk</forced_lib>
<forced_lib>_codecs_iso2022</forced_lib>
<forced_lib>_codecs_jp</forced_lib>
<forced_lib>_codecs_kr</forced_lib>
<forced_lib>_codecs_tw</forced_lib>
<forced_lib>_collections</forced_lib>
<forced_lib>_csv</forced_lib>
<forced_lib>_fileio</forced_lib>
<forced_lib>_functools</forced_lib>
<forced_lib>_heapq</forced_lib>
<forced_lib>_hotshot</forced_lib>
<forced_lib>_imp</forced_lib>
<forced_lib>_io</forced_lib>
<forced_lib>_json</forced_lib>
<forced_lib>_locale</forced_lib>
<forced_lib>_lsprof</forced_lib>
<forced_lib>_md5</forced_lib>
<forced_lib>_multibytecodec</forced_lib>
<forced_lib>_operator</forced_lib>
<forced_lib>_random</forced_lib>
<forced_lib>_sha</forced_lib>
<forced_lib>_sha256</forced_lib>
<forced_lib>_sha512</forced_lib>
<forced_lib>_signal</forced_lib>
<forced_lib>_sre</forced_lib>
<forced_lib>_stat</forced_lib>
<forced_lib>_string</forced_lib>
<forced_lib>_struct</forced_lib>
<forced_lib>_subprocess</forced_lib>
<forced_lib>_symtable</forced_lib>
<forced_lib>_thread</forced_lib>
<forced_lib>_tracemalloc</forced_lib>
<forced_lib>_warnings</forced_lib>
<forced_lib>_weakref</forced_lib>
<forced_lib>_winreg</forced_lib>
<forced_lib>array</forced_lib>
<forced_lib>atexit</forced_lib>
<forced_lib>audioop</forced_lib>
<forced_lib>binascii</forced_lib>
<forced_lib>builtins</forced_lib>
<forced_lib>cPickle</forced_lib>
<forced_lib>cStringIO</forced_lib>
<forced_lib>cmath</forced_lib>
<forced_lib>cv2</forced_lib>
<forced_lib>datetime</forced_lib>
<forced_lib>email</forced_lib>
<forced_lib>errno</forced_lib>
<forced_lib>exceptions</forced_lib>
<forced_lib>faulthandler</forced_lib>
<forced_lib>future_builtins</forced_lib>
<forced_lib>gc</forced_lib>
<forced_lib>gi</forced_lib>
<forced_lib>hashlib</forced_lib>
<forced_lib>imageop</forced_lib>
<forced_lib>imp</forced_lib>
<forced_lib>itertools</forced_lib>
<forced_lib>marshal</forced_lib>
<forced_lib>math</forced_lib>
<forced_lib>mmap</forced_lib>
<forced_lib>mock</forced_lib>
<forced_lib>msvcrt</forced_lib>
<forced_lib>multiprocessing</forced_lib>
<forced_lib>mutagen</forced_lib>
<forced_lib>nt</forced_lib>
<forced_lib>numpy</forced_lib>
<forced_lib>operator</forced_lib>
<forced_lib>os</forced_lib>
<forced_lib>os.path</forced_lib>
<forced_lib>parser</forced_lib>
<forced_lib>posix</forced_lib>
<forced_lib>pwd</forced_lib>
<forced_lib>py</forced_lib>
<forced_lib>pytest</forced_lib>
<forced_lib>re</forced_lib>
<forced_lib>scipy</forced_lib>
<forced_lib>signal</forced_lib>
<forced_lib>six</forced_lib>
<forced_lib>socket</forced_lib>
<forced_lib>ssl</forced_lib>
<forced_lib>strop</forced_lib>
<forced_lib>sys</forced_lib>
<forced_lib>thread</forced_lib>
<forced_lib>time</forced_lib>
<forced_lib>wx</forced_lib>
<forced_lib>wxPython</forced_lib>
<forced_lib>xxsubtype</forced_lib>
<forced_lib>zipimport</forced_lib>
<forced_lib>zlib</forced_lib>
<string_substitution_var><key>PY</key><value>37</value></string_substitution_var>
</xml>

	at org.python.pydev.core.log.Log.logInfo(Log.java:45)
	at org.python.pydev.ui.pythonpathconf.AutoConfigMaker.applyOperation(AutoConfigMaker.java:191)
	at org.python.pydev.ui.pythonpathconf.AutoConfigMaker.autoConfigSingleApply(AutoConfigMaker.java:128)
	at org.python.pydev.ui.PyProjectPythonDetails$ProjectInterpreterAndGrammarConfig$2.widgetSelected(PyProjectPythonDetails.java:326)
	at org.eclipse.swt.widgets.TypedListener.handleEvent(TypedListener.java:252)
	at org.eclipse.swt.widgets.EventTable.sendEvent(EventTable.java:89)
	at org.eclipse.swt.widgets.Display.sendEvent(Display.java:4385)
	at org.eclipse.swt.widgets.Widget.sendEvent(Widget.java:1512)
	at org.eclipse.swt.widgets.Widget.sendEvent(Widget.java:1535)
	at org.eclipse.swt.widgets.Widget.sendSelectionEvent(Widget.java:1585)
	at org.eclipse.swt.widgets.Link.textView_clickOnLink_atIndex(Link.java:816)
	at org.eclipse.swt.widgets.Display.windowProc(Display.java:6550)
	at org.eclipse.swt.internal.cocoa.OS.objc_msgSendSuper(Native Method)
	at org.eclipse.swt.widgets.Widget.callSuper(Widget.java:235)
	at org.eclipse.swt.widgets.Widget.mouseDownSuper(Widget.java:1146)
	at org.eclipse.swt.widgets.Widget.mouseDown(Widget.java:1138)
	at org.eclipse.swt.widgets.Control.mouseDown(Control.java:2621)
	at org.eclipse.swt.widgets.Display.windowProc(Display.java:6012)
	at org.eclipse.swt.internal.cocoa.OS.objc_msgSendSuper(Native Method)
	at org.eclipse.swt.widgets.Widget.callSuper(Widget.java:235)
	at org.eclipse.swt.widgets.Widget.windowSendEvent(Widget.java:2150)
	at org.eclipse.swt.widgets.Shell.windowSendEvent(Shell.java:2401)
	at org.eclipse.swt.widgets.Display.windowProc(Display.java:6136)
	at org.eclipse.swt.internal.cocoa.OS.objc_msgSendSuper(Native Method)
	at org.eclipse.swt.widgets.Display.applicationSendEvent(Display.java:5386)
	at org.eclipse.swt.widgets.Display.applicationProc(Display.java:5522)
	at org.eclipse.swt.internal.cocoa.OS.objc_msgSend(Native Method)
	at org.eclipse.swt.internal.cocoa.NSApplication.sendEvent(NSApplication.java:117)
	at org.eclipse.swt.widgets.Display.readAndDispatch(Display.java:3786)
	at org.eclipse.jface.window.Window.runEventLoop(Window.java:823)
	at org.eclipse.jface.window.Window.open(Window.java:799)
	at org.eclipse.ui.actions.NewProjectAction.run(NewProjectAction.java:118)
	at org.eclipse.ui.internal.views.helpers.EmptyWorkspaceHelper$1.linkActivated(EmptyWorkspaceHelper.java:275)
	at org.eclipse.ui.forms.widgets.AbstractHyperlink.handleActivate(AbstractHyperlink.java:215)
	at org.eclipse.ui.forms.widgets.AbstractHyperlink.handleMouseUp(AbstractHyperlink.java:309)
	at org.eclipse.ui.forms.widgets.AbstractHyperlink.lambda$3(AbstractHyperlink.java:117)
	at org.eclipse.swt.widgets.EventTable.sendEvent(EventTable.java:89)
	at org.eclipse.swt.widgets.Display.sendEvent(Display.java:4385)
	at org.eclipse.swt.widgets.Widget.sendEvent(Widget.java:1512)
	at org.eclipse.swt.widgets.Widget.sendEvent(Widget.java:1535)
	at org.eclipse.swt.widgets.Widget.sendEvent(Widget.java:1520)
	at org.eclipse.swt.widgets.Widget.notifyListeners(Widget.java:1324)
	at org.eclipse.swt.widgets.Display.runDeferredEvents(Display.java:4172)
	at org.eclipse.swt.widgets.Display.readAndDispatch(Display.java:3789)
	at org.eclipse.e4.ui.internal.workbench.swt.PartRenderingEngine$5.run(PartRenderingEngine.java:1157)
	at org.eclipse.core.databinding.observable.Realm.runWithDefault(Realm.java:338)
	at org.eclipse.e4.ui.internal.workbench.swt.PartRenderingEngine.run(PartRenderingEngine.java:1046)
	at org.eclipse.e4.ui.internal.workbench.E4Workbench.createAndRunUI(E4Workbench.java:155)
	at org.eclipse.ui.internal.Workbench.lambda$3(Workbench.java:644)
	at org.eclipse.core.databinding.observable.Realm.runWithDefault(Realm.java:338)
	at org.eclipse.ui.internal.Workbench.createAndRunWorkbench(Workbench.java:551)
	at org.eclipse.ui.PlatformUI.createAndRunWorkbench(PlatformUI.java:153)
	at org.eclipse.ui.internal.ide.application.IDEApplication.start(IDEApplication.java:150)
	at org.eclipse.equinox.internal.app.EclipseAppHandle.run(EclipseAppHandle.java:203)
	at org.eclipse.core.runtime.internal.adaptor.EclipseAppLauncher.runApplication(EclipseAppLauncher.java:134)
	at org.eclipse.core.runtime.internal.adaptor.EclipseAppLauncher.start(EclipseAppLauncher.java:104)
	at org.eclipse.core.runtime.adaptor.EclipseStarter.run(EclipseStarter.java:401)
	at org.eclipse.core.runtime.adaptor.EclipseStarter.run(EclipseStarter.java:255)
	at java.base/jdk.internal.reflect.NativeMethodAccessorImpl.invoke0(Native Method)
	at java.base/jdk.internal.reflect.NativeMethodAccessorImpl.invoke(NativeMethodAccessorImpl.java:62)
	at java.base/jdk.internal.reflect.DelegatingMethodAccessorImpl.invoke(DelegatingMethodAccessorImpl.java:43)
	at java.base/java.lang.reflect.Method.invoke(Method.java:564)
	at org.eclipse.equinox.launcher.Main.invokeFramework(Main.java:657)
	at org.eclipse.equinox.launcher.Main.basicRun(Main.java:594)
	at org.eclipse.equinox.launcher.Main.run(Main.java:1465)

!ENTRY org.python.pydev.shared_core 1 1 2020-10-28 23:17:15.758
!MESSAGE Restoring info for: /usr/local/bin/python3.7
!STACK 0
java.lang.RuntimeException: Restoring info for: /usr/local/bin/python3.7
	at org.python.pydev.ast.interpreter_managers.AbstractInterpreterManager.getInterpretersFromPersistedString(AbstractInterpreterManager.java:454)
	at org.python.pydev.ast.interpreter_managers.AbstractInterpreterManager.internalRecreateCacheGetInterpreterInfos(AbstractInterpreterManager.java:280)
	at org.python.pydev.ast.interpreter_managers.AbstractInterpreterManager.setInfos(AbstractInterpreterManager.java:577)
	at org.python.pydev.ui.pythonpathconf.AutoConfigMaker$1.run(AutoConfigMaker.java:152)
	at org.eclipse.core.internal.jobs.Worker.run(Worker.java:63)
Caused by: java.io.IOException: Expecting: /Users/flex/Documents/Uni/IdS/ignsw2020/.metadata/.plugins/org.python.pydev/v1_atxs0us3h32x89ifqejtqv95x/modulesKeys to exist (and be a file).
	at org.python.pydev.ast.codecompletion.revisited.ModulesManager.loadFromFile(ModulesManager.java:328)
	at org.python.pydev.ast.codecompletion.revisited.SystemModulesManager.load(SystemModulesManager.java:400)
	at org.python.pydev.ast.interpreter_managers.AbstractInterpreterManager.getInterpretersFromPersistedString(AbstractInterpreterManager.java:452)
	... 4 more

!ENTRY org.python.pydev.shared_core 1 1 2020-10-28 23:17:17.805
!MESSAGE Finished restoring information for: /usr/local/bin/python3.7 at: /Users/flex/Documents/Uni/IdS/ignsw2020/.metadata/.plugins/org.python.pydev/v1_atxs0us3h32x89ifqejtqv95x
!STACK 0
java.lang.RuntimeException: Finished restoring information for: /usr/local/bin/python3.7 at: /Users/flex/Documents/Uni/IdS/ignsw2020/.metadata/.plugins/org.python.pydev/v1_atxs0us3h32x89ifqejtqv95x
	at org.python.pydev.core.log.Log.logInfo(Log.java:45)
	at org.python.pydev.ast.interpreter_managers.AbstractInterpreterManager.getInterpretersFromPersistedString(AbstractInterpreterManager.java:499)
	at org.python.pydev.ast.interpreter_managers.AbstractInterpreterManager.internalRecreateCacheGetInterpreterInfos(AbstractInterpreterManager.java:280)
	at org.python.pydev.ast.interpreter_managers.AbstractInterpreterManager.setInfos(AbstractInterpreterManager.java:577)
	at org.python.pydev.ui.pythonpathconf.AutoConfigMaker$1.run(AutoConfigMaker.java:152)
	at org.eclipse.core.internal.jobs.Worker.run(Worker.java:63)

!ENTRY org.python.pydev.shared_core 4 4 2020-10-28 23:17:18.434
!MESSAGE Info: Rebuilding internal caches: /Users/flex/Documents/Uni/IdS/ignsw2020/.metadata/.plugins/com.python.pydev.analysis/python_v1_atxs0us3h32x89ifqejtqv95x/python.pydevsysteminfo (Expected error to be provided and got no error!)

!ENTRY org.python.pydev.shared_core 4 4 2020-10-28 23:17:18.958
!MESSAGE Info: Rebuilding internal caches: /Users/flex/Documents/Uni/IdS/ignsw2020/.metadata/.plugins/org.eclipse.core.resources/.projects/Tracker/com.python.pydev.analysis/AdditionalProjectInterpreterInfo.pydevinfo (Expected error to be provided and got no error!)

!ENTRY org.python.pydev.shared_core 4 4 2020-10-28 23:17:50.159
!MESSAGE ERROR WITH STRING:
!STACK 0
java.lang.RuntimeException: Couldn't find END@@ on received string.
	at org.python.pydev.ast.codecompletion.shell.AbstractShell.read(AbstractShell.java:488)
	at org.python.pydev.ast.codecompletion.shell.AbstractShell.read(AbstractShell.java:514)
	at org.python.pydev.ast.codecompletion.shell.AbstractShell.writeAndGetResults(AbstractShell.java:709)
	at org.python.pydev.ast.codecompletion.shell.AbstractShell.writeAndGetResults(AbstractShell.java:701)
	at org.python.pydev.ast.codecompletion.shell.CompletionsShell.getImportCompletions(CompletionsShell.java:63)
	at org.python.pydev.ast.codecompletion.revisited.modules.CompiledModule.createTokensFromServer(CompiledModule.java:378)
	at org.python.pydev.ast.codecompletion.revisited.modules.CompiledModule.<init>(CompiledModule.java:180)
	at org.python.pydev.ast.codecompletion.revisited.modules.AbstractModule.createModule(AbstractModule.java:295)
	at org.python.pydev.ast.codecompletion.revisited.ModulesManager.getModule(ModulesManager.java:1022)
	at org.python.pydev.ast.codecompletion.revisited.ModulesManager.getModule(ModulesManager.java:853)
	at org.python.pydev.ast.codecompletion.revisited.SystemModulesManager.getModule(SystemModulesManager.java:379)
	at com.python.pydev.analysis.additionalinfo.AbstractAdditionalDependencyInfo.updateKeysIfNeededAndSave(AbstractAdditionalDependencyInfo.java:256)
	at com.python.pydev.analysis.system_info_builder.InterpreterInfoBuilder.syncInfoToPythonPath(InterpreterInfoBuilder.java:160)
	at com.python.pydev.analysis.system_info_builder.InterpreterInfoBuilder.syncInfoToPythonPath(InterpreterInfoBuilder.java:86)
	at org.python.pydev.ast.codecompletion.revisited.SyncSystemModulesManager.synchronizeManagerToNameToInfoPythonpath(SyncSystemModulesManager.java:392)
	at org.python.pydev.ast.codecompletion.revisited.SyncSystemModulesManagerScheduler$SynchJob.run(SyncSystemModulesManagerScheduler.java:257)
	at org.eclipse.core.internal.jobs.Worker.run(Worker.java:63)

!ENTRY org.python.pydev.shared_core 4 4 2020-10-28 23:17:50.162
!MESSAGE ERROR reading shell. Message sent: @@IMPORTS:sklearn.decomposition._online_lda
END@@

ProcessInfo:

 - Executed: /usr/local/bin/python3.7 -u /Users/flex/.p2/pool/plugins/org.python.pydev.core_8.0.0.202009061309/pysrc/pycompletionserver.py 56452

 - Environment:
APP_ICON_5600=../Resources/Eclipse.icns
APP_ICON_6459=../Resources/Eclipse.icns
APP_ICON_6549=../Resources/Eclipse.icns
DISPLAY=/private/tmp/com.apple.launchd.TA77DTndmW/org.macosforge.xquartz:0
HOME=/Users/flex
JAVA_STARTED_ON_FIRST_THREAD_5600=1
JAVA_STARTED_ON_FIRST_THREAD_6459=1
JAVA_STARTED_ON_FIRST_THREAD_6549=1
LOGNAME=flex
PATH=/usr/bin:/bin:/usr/sbin:/sbin
PYTHONPATH=/Users/flex/.p2/pool/plugins/org.python.pydev.core_8.0.0.202009061309/pysrc/pydev_sitecustomize:/usr/local/Cellar/python/3.7.2_2/Frameworks/Python.framework/Versions/3.7/lib/python3.7:/usr/local/Cellar/python/3.7.2_2/Frameworks/Python.framework/Versions/3.7/lib/python3.7/lib-dynload:/usr/local/lib/python3.7/site-packages
SHELL=/bin/zsh
SQLITE_EXEMPT_PATH_FROM_VNODE_GUARDS=/Users/flex/Library/WebKit/Databases
SSH_AUTH_SOCK=/private/tmp/com.apple.launchd.L3wWjYj29C/Listeners
TMPDIR=/var/folders/l5/cp386r7x6md4_z9l8tmdvgv40000gq/T/
USER=flex
XPC_FLAGS=0x0
XPC_SERVICE_NAME=0
__CF_USER_TEXT_ENCODING=0x1F7:0x0:0x4

 - Working Dir:
/Users/flex/eclipse/java-2020-09/Eclipse.app/Contents/Eclipse/../../../../../.p2/pool/plugins/org.python.pydev.core_8.0.0.202009061309/pysrc

 - OS:
Mac OS X

 - Std output:


 - Err output:

!STACK 0
java.io.IOException: Broken pipe
	at java.base/sun.nio.ch.FileDispatcherImpl.write0(Native Method)
	at java.base/sun.nio.ch.SocketDispatcher.write(SocketDispatcher.java:62)
	at java.base/sun.nio.ch.SocketChannelImpl.tryWrite(SocketChannelImpl.java:1201)
	at java.base/sun.nio.ch.SocketChannelImpl.blockingWriteFully(SocketChannelImpl.java:1232)
	at java.base/sun.nio.ch.SocketAdaptor$2.write(SocketAdaptor.java:220)
	at java.base/java.io.OutputStream.write(OutputStream.java:127)
	at org.python.pydev.ast.codecompletion.shell.AbstractShell.write(AbstractShell.java:557)
	at org.python.pydev.ast.codecompletion.shell.AbstractShell.writeAndGetResults(AbstractShell.java:708)
	at org.python.pydev.ast.codecompletion.shell.AbstractShell.writeAndGetResults(AbstractShell.java:701)
	at org.python.pydev.ast.codecompletion.shell.CompletionsShell.getImportCompletions(CompletionsShell.java:63)
	at org.python.pydev.ast.codecompletion.revisited.modules.CompiledModule.createTokensFromServer(CompiledModule.java:378)
	at org.python.pydev.ast.codecompletion.revisited.modules.CompiledModule.<init>(CompiledModule.java:180)
	at org.python.pydev.ast.codecompletion.revisited.modules.AbstractModule.createModule(AbstractModule.java:295)
	at org.python.pydev.ast.codecompletion.revisited.ModulesManager.getModule(ModulesManager.java:1022)
	at org.python.pydev.ast.codecompletion.revisited.ModulesManager.getModule(ModulesManager.java:853)
	at org.python.pydev.ast.codecompletion.revisited.SystemModulesManager.getModule(SystemModulesManager.java:379)
	at com.python.pydev.analysis.additionalinfo.AbstractAdditionalDependencyInfo.updateKeysIfNeededAndSave(AbstractAdditionalDependencyInfo.java:256)
	at com.python.pydev.analysis.system_info_builder.InterpreterInfoBuilder.syncInfoToPythonPath(InterpreterInfoBuilder.java:160)
	at com.python.pydev.analysis.system_info_builder.InterpreterInfoBuilder.syncInfoToPythonPath(InterpreterInfoBuilder.java:86)
	at org.python.pydev.ast.codecompletion.revisited.SyncSystemModulesManager.synchronizeManagerToNameToInfoPythonpath(SyncSystemModulesManager.java:392)
	at org.python.pydev.ast.codecompletion.revisited.SyncSystemModulesManagerScheduler$SynchJob.run(SyncSystemModulesManagerScheduler.java:257)
	at org.eclipse.core.internal.jobs.Worker.run(Worker.java:63)

!ENTRY org.python.pydev.shared_core 4 4 2020-10-28 23:17:52.502
!MESSAGE ERROR reading shell. Message sent: @@IMPORTS:sklearn.linear_model.sag_fast
END@@

ProcessInfo:

 - Executed: /usr/local/bin/python3.7 -u /Users/flex/.p2/pool/plugins/org.python.pydev.core_8.0.0.202009061309/pysrc/pycompletionserver.py 56454

 - Environment:
APP_ICON_5600=../Resources/Eclipse.icns
APP_ICON_6459=../Resources/Eclipse.icns
APP_ICON_6549=../Resources/Eclipse.icns
DISPLAY=/private/tmp/com.apple.launchd.TA77DTndmW/org.macosforge.xquartz:0
HOME=/Users/flex
JAVA_STARTED_ON_FIRST_THREAD_5600=1
JAVA_STARTED_ON_FIRST_THREAD_6459=1
JAVA_STARTED_ON_FIRST_THREAD_6549=1
LOGNAME=flex
PATH=/usr/bin:/bin:/usr/sbin:/sbin
PYTHONPATH=/Users/flex/.p2/pool/plugins/org.python.pydev.core_8.0.0.202009061309/pysrc/pydev_sitecustomize:/usr/local/Cellar/python/3.7.2_2/Frameworks/Python.framework/Versions/3.7/lib/python3.7:/usr/local/Cellar/python/3.7.2_2/Frameworks/Python.framework/Versions/3.7/lib/python3.7/lib-dynload:/usr/local/lib/python3.7/site-packages
SHELL=/bin/zsh
SQLITE_EXEMPT_PATH_FROM_VNODE_GUARDS=/Users/flex/Library/WebKit/Databases
SSH_AUTH_SOCK=/private/tmp/com.apple.launchd.L3wWjYj29C/Listeners
TMPDIR=/var/folders/l5/cp386r7x6md4_z9l8tmdvgv40000gq/T/
USER=flex
XPC_FLAGS=0x0
XPC_SERVICE_NAME=0
__CF_USER_TEXT_ENCODING=0x1F7:0x0:0x4

 - Working Dir:
/Users/flex/eclipse/java-2020-09/Eclipse.app/Contents/Eclipse/../../../../../.p2/pool/plugins/org.python.pydev.core_8.0.0.202009061309/pysrc

 - OS:
Mac OS X

 - Std output:


 - Err output:

!STACK 0
java.net.SocketException: Connection reset
	at java.base/sun.nio.ch.SocketChannelImpl.throwConnectionReset(SocketChannelImpl.java:345)
	at java.base/sun.nio.ch.SocketChannelImpl.blockingRead(SocketChannelImpl.java:1179)
	at java.base/sun.nio.ch.SocketAdaptor$1.read(SocketAdaptor.java:188)
	at java.base/java.io.InputStream.read(InputStream.java:218)
	at org.python.pydev.ast.codecompletion.shell.AbstractShell.read(AbstractShell.java:456)
	at org.python.pydev.ast.codecompletion.shell.AbstractShell.read(AbstractShell.java:514)
	at org.python.pydev.ast.codecompletion.shell.AbstractShell.writeAndGetResults(AbstractShell.java:709)
	at org.python.pydev.ast.codecompletion.shell.AbstractShell.writeAndGetResults(AbstractShell.java:701)
	at org.python.pydev.ast.codecompletion.shell.CompletionsShell.getImportCompletions(CompletionsShell.java:63)
	at org.python.pydev.ast.codecompletion.revisited.modules.CompiledModule.createTokensFromServer(CompiledModule.java:378)
	at org.python.pydev.ast.codecompletion.revisited.modules.CompiledModule.<init>(CompiledModule.java:180)
	at org.python.pydev.ast.codecompletion.revisited.modules.AbstractModule.createModule(AbstractModule.java:295)
	at org.python.pydev.ast.codecompletion.revisited.ModulesManager.getModule(ModulesManager.java:1022)
	at org.python.pydev.ast.codecompletion.revisited.ModulesManager.getModule(ModulesManager.java:853)
	at org.python.pydev.ast.codecompletion.revisited.SystemModulesManager.getModule(SystemModulesManager.java:379)
	at com.python.pydev.analysis.additionalinfo.AbstractAdditionalDependencyInfo.updateKeysIfNeededAndSave(AbstractAdditionalDependencyInfo.java:256)
	at com.python.pydev.analysis.system_info_builder.InterpreterInfoBuilder.syncInfoToPythonPath(InterpreterInfoBuilder.java:160)
	at com.python.pydev.analysis.system_info_builder.InterpreterInfoBuilder.syncInfoToPythonPath(InterpreterInfoBuilder.java:86)
	at org.python.pydev.ast.codecompletion.revisited.SyncSystemModulesManager.synchronizeManagerToNameToInfoPythonpath(SyncSystemModulesManager.java:392)
	at org.python.pydev.ast.codecompletion.revisited.SyncSystemModulesManagerScheduler$SynchJob.run(SyncSystemModulesManagerScheduler.java:257)
	at org.eclipse.core.internal.jobs.Worker.run(Worker.java:63)
